[2025-10-18T05:28:47.029+0000] {taskinstance.py:1159} INFO - Dependencies all met for dep_context=non-requeueable deps ti=<TaskInstance: agricultural_sri_annual_report.data_collection.fetch_drought manual__2025-10-18T05:15:35.676026+00:00 [queued]>
[2025-10-18T05:28:47.035+0000] {taskinstance.py:1159} INFO - Dependencies all met for dep_context=requeueable deps ti=<TaskInstance: agricultural_sri_annual_report.data_collection.fetch_drought manual__2025-10-18T05:15:35.676026+00:00 [queued]>
[2025-10-18T05:28:47.037+0000] {taskinstance.py:1361} INFO - Starting attempt 1 of 3
[2025-10-18T05:28:47.045+0000] {taskinstance.py:1382} INFO - Executing <Task(PythonOperator): data_collection.fetch_drought> on 2025-10-18 05:15:35.676026+00:00
[2025-10-18T05:28:47.048+0000] {standard_task_runner.py:57} INFO - Started process 660 to run task
[2025-10-18T05:28:47.051+0000] {standard_task_runner.py:84} INFO - Running: ['***', 'tasks', 'run', 'agricultural_sri_annual_report', 'data_collection.fetch_drought', 'manual__2025-10-18T05:15:35.676026+00:00', '--job-id', '81', '--raw', '--subdir', 'DAGS_FOLDER/agricultural_sri_pipeline.py', '--cfg-path', '/tmp/tmpbw2w37y8']
[2025-10-18T05:28:47.052+0000] {standard_task_runner.py:85} INFO - Job 81: Subtask data_collection.fetch_drought
[2025-10-18T05:28:47.080+0000] {task_command.py:416} INFO - Running <TaskInstance: agricultural_sri_annual_report.data_collection.fetch_drought manual__2025-10-18T05:15:35.676026+00:00 [running]> on host 4e2b74bc69c8
[2025-10-18T05:28:47.120+0000] {taskinstance.py:1662} INFO - Exporting env vars: AIRFLOW_CTX_DAG_EMAIL='alerts@agcompany.com' AIRFLOW_CTX_DAG_OWNER='agricultural_risk_team' AIRFLOW_CTX_DAG_ID='agricultural_sri_annual_report' AIRFLOW_CTX_TASK_ID='data_collection.fetch_drought' AIRFLOW_CTX_EXECUTION_DATE='2025-10-18T05:15:35.676026+00:00' AIRFLOW_CTX_TRY_NUMBER='1' AIRFLOW_CTX_DAG_RUN_ID='manual__2025-10-18T05:15:35.676026+00:00'
[2025-10-18T05:28:47.388+0000] {warnings.py:109} WARNING - /home/***/.local/lib/python3.10/site-packages/***/utils/context.py:314: AirflowContextDeprecationWarning: Accessing 'execution_date' from the template is deprecated and will be removed in a future version. Please use 'data_interval_start' or 'logical_date' instead.
  warnings.warn(_create_deprecation_warning(k, replacements))

[2025-10-18T05:28:47.388+0000] {agricultural_sri_pipeline.py:150} INFO - 🌵 Fetching drought data for 2025
[2025-10-18T05:28:47.388+0000] {drought_data_collector.py:137} INFO - 🌵 Fetching drought data for 2025
[2025-10-18T05:28:47.388+0000] {drought_data_collector.py:148} INFO -   Fetching Alabama...
[2025-10-18T05:28:48.351+0000] {drought_data_collector.py:122} ERROR -   ❌ Alabama: Expecting value: line 1 column 1 (char 0)
[2025-10-18T05:28:48.360+0000] {drought_data_collector.py:158} WARNING -     ⚠️ Alabama: No data
[2025-10-18T05:28:48.364+0000] {drought_data_collector.py:148} INFO -   Fetching Alaska...
[2025-10-18T05:28:52.266+0000] {drought_data_collector.py:122} ERROR -   ❌ Alaska: Expecting value: line 1 column 1 (char 0)
[2025-10-18T05:28:52.273+0000] {drought_data_collector.py:158} WARNING -     ⚠️ Alaska: No data
[2025-10-18T05:28:52.275+0000] {drought_data_collector.py:148} INFO -   Fetching Arizona...
[2025-10-18T05:28:53.337+0000] {drought_data_collector.py:122} ERROR -   ❌ Arizona: Expecting value: line 1 column 1 (char 0)
[2025-10-18T05:28:53.340+0000] {drought_data_collector.py:158} WARNING -     ⚠️ Arizona: No data
[2025-10-18T05:28:53.341+0000] {drought_data_collector.py:148} INFO -   Fetching Arkansas...
[2025-10-18T05:28:54.363+0000] {drought_data_collector.py:122} ERROR -   ❌ Arkansas: Expecting value: line 1 column 1 (char 0)
[2025-10-18T05:28:54.368+0000] {drought_data_collector.py:158} WARNING -     ⚠️ Arkansas: No data
[2025-10-18T05:28:54.370+0000] {drought_data_collector.py:148} INFO -   Fetching California...
[2025-10-18T05:28:55.295+0000] {drought_data_collector.py:122} ERROR -   ❌ California: Expecting value: line 1 column 1 (char 0)
[2025-10-18T05:28:55.296+0000] {drought_data_collector.py:158} WARNING -     ⚠️ California: No data
[2025-10-18T05:28:55.297+0000] {drought_data_collector.py:148} INFO -   Fetching Colorado...
[2025-10-18T05:28:56.219+0000] {drought_data_collector.py:122} ERROR -   ❌ Colorado: Expecting value: line 1 column 1 (char 0)
[2025-10-18T05:28:56.223+0000] {drought_data_collector.py:158} WARNING -     ⚠️ Colorado: No data
[2025-10-18T05:28:56.224+0000] {drought_data_collector.py:148} INFO -   Fetching Connecticut...
[2025-10-18T05:28:57.135+0000] {drought_data_collector.py:122} ERROR -   ❌ Connecticut: Expecting value: line 1 column 1 (char 0)
[2025-10-18T05:28:57.136+0000] {drought_data_collector.py:158} WARNING -     ⚠️ Connecticut: No data
[2025-10-18T05:28:57.137+0000] {drought_data_collector.py:148} INFO -   Fetching Delaware...
[2025-10-18T05:28:58.032+0000] {drought_data_collector.py:122} ERROR -   ❌ Delaware: Expecting value: line 1 column 1 (char 0)
[2025-10-18T05:28:58.034+0000] {drought_data_collector.py:158} WARNING -     ⚠️ Delaware: No data
[2025-10-18T05:28:58.035+0000] {drought_data_collector.py:148} INFO -   Fetching Florida...
[2025-10-18T05:28:59.090+0000] {drought_data_collector.py:122} ERROR -   ❌ Florida: Expecting value: line 1 column 1 (char 0)
[2025-10-18T05:28:59.102+0000] {drought_data_collector.py:158} WARNING -     ⚠️ Florida: No data
[2025-10-18T05:28:59.105+0000] {drought_data_collector.py:148} INFO -   Fetching Georgia...
[2025-10-18T05:29:00.155+0000] {drought_data_collector.py:122} ERROR -   ❌ Georgia: Expecting value: line 1 column 1 (char 0)
[2025-10-18T05:29:00.160+0000] {drought_data_collector.py:158} WARNING -     ⚠️ Georgia: No data
[2025-10-18T05:29:00.168+0000] {drought_data_collector.py:148} INFO -   Fetching Hawaii...
[2025-10-18T05:29:01.177+0000] {drought_data_collector.py:122} ERROR -   ❌ Hawaii: Expecting value: line 1 column 1 (char 0)
[2025-10-18T05:29:01.179+0000] {drought_data_collector.py:158} WARNING -     ⚠️ Hawaii: No data
[2025-10-18T05:29:01.179+0000] {drought_data_collector.py:148} INFO -   Fetching Idaho...
[2025-10-18T05:29:02.066+0000] {drought_data_collector.py:122} ERROR -   ❌ Idaho: Expecting value: line 1 column 1 (char 0)
[2025-10-18T05:29:02.069+0000] {drought_data_collector.py:158} WARNING -     ⚠️ Idaho: No data
[2025-10-18T05:29:02.070+0000] {drought_data_collector.py:148} INFO -   Fetching Illinois...
[2025-10-18T05:29:03.028+0000] {drought_data_collector.py:122} ERROR -   ❌ Illinois: Expecting value: line 1 column 1 (char 0)
[2025-10-18T05:29:03.030+0000] {drought_data_collector.py:158} WARNING -     ⚠️ Illinois: No data
[2025-10-18T05:29:03.030+0000] {drought_data_collector.py:148} INFO -   Fetching Indiana...
[2025-10-18T05:29:03.956+0000] {drought_data_collector.py:122} ERROR -   ❌ Indiana: Expecting value: line 1 column 1 (char 0)
[2025-10-18T05:29:03.961+0000] {drought_data_collector.py:158} WARNING -     ⚠️ Indiana: No data
[2025-10-18T05:29:03.963+0000] {drought_data_collector.py:148} INFO -   Fetching Iowa...
[2025-10-18T05:29:04.856+0000] {drought_data_collector.py:122} ERROR -   ❌ Iowa: Expecting value: line 1 column 1 (char 0)
[2025-10-18T05:29:04.860+0000] {drought_data_collector.py:158} WARNING -     ⚠️ Iowa: No data
[2025-10-18T05:29:04.862+0000] {drought_data_collector.py:148} INFO -   Fetching Kansas...
[2025-10-18T05:29:05.767+0000] {drought_data_collector.py:122} ERROR -   ❌ Kansas: Expecting value: line 1 column 1 (char 0)
[2025-10-18T05:29:05.772+0000] {drought_data_collector.py:158} WARNING -     ⚠️ Kansas: No data
[2025-10-18T05:29:05.773+0000] {drought_data_collector.py:148} INFO -   Fetching Kentucky...
[2025-10-18T05:29:06.697+0000] {drought_data_collector.py:122} ERROR -   ❌ Kentucky: Expecting value: line 1 column 1 (char 0)
[2025-10-18T05:29:06.701+0000] {drought_data_collector.py:158} WARNING -     ⚠️ Kentucky: No data
[2025-10-18T05:29:06.702+0000] {drought_data_collector.py:148} INFO -   Fetching Louisiana...
[2025-10-18T05:29:07.629+0000] {drought_data_collector.py:122} ERROR -   ❌ Louisiana: Expecting value: line 1 column 1 (char 0)
[2025-10-18T05:29:07.635+0000] {drought_data_collector.py:158} WARNING -     ⚠️ Louisiana: No data
[2025-10-18T05:29:07.637+0000] {drought_data_collector.py:148} INFO -   Fetching Maine...
[2025-10-18T05:29:08.527+0000] {drought_data_collector.py:122} ERROR -   ❌ Maine: Expecting value: line 1 column 1 (char 0)
[2025-10-18T05:29:08.532+0000] {drought_data_collector.py:158} WARNING -     ⚠️ Maine: No data
[2025-10-18T05:29:08.534+0000] {drought_data_collector.py:148} INFO -   Fetching Maryland...
[2025-10-18T05:29:09.426+0000] {drought_data_collector.py:122} ERROR -   ❌ Maryland: Expecting value: line 1 column 1 (char 0)
[2025-10-18T05:29:09.427+0000] {drought_data_collector.py:158} WARNING -     ⚠️ Maryland: No data
[2025-10-18T05:29:09.428+0000] {drought_data_collector.py:148} INFO -   Fetching Massachusetts...
[2025-10-18T05:29:10.371+0000] {drought_data_collector.py:122} ERROR -   ❌ Massachusetts: Expecting value: line 1 column 1 (char 0)
[2025-10-18T05:29:10.375+0000] {drought_data_collector.py:158} WARNING -     ⚠️ Massachusetts: No data
[2025-10-18T05:29:10.377+0000] {drought_data_collector.py:148} INFO -   Fetching Michigan...
[2025-10-18T05:29:11.295+0000] {drought_data_collector.py:122} ERROR -   ❌ Michigan: Expecting value: line 1 column 1 (char 0)
[2025-10-18T05:29:11.299+0000] {drought_data_collector.py:158} WARNING -     ⚠️ Michigan: No data
[2025-10-18T05:29:11.300+0000] {drought_data_collector.py:148} INFO -   Fetching Minnesota...
[2025-10-18T05:29:12.188+0000] {drought_data_collector.py:122} ERROR -   ❌ Minnesota: Expecting value: line 1 column 1 (char 0)
[2025-10-18T05:29:12.193+0000] {drought_data_collector.py:158} WARNING -     ⚠️ Minnesota: No data
[2025-10-18T05:29:12.195+0000] {drought_data_collector.py:148} INFO -   Fetching Mississippi...
[2025-10-18T05:29:13.092+0000] {drought_data_collector.py:122} ERROR -   ❌ Mississippi: Expecting value: line 1 column 1 (char 0)
[2025-10-18T05:29:13.098+0000] {drought_data_collector.py:158} WARNING -     ⚠️ Mississippi: No data
[2025-10-18T05:29:13.100+0000] {drought_data_collector.py:148} INFO -   Fetching Missouri...
[2025-10-18T05:29:14.038+0000] {drought_data_collector.py:122} ERROR -   ❌ Missouri: Expecting value: line 1 column 1 (char 0)
[2025-10-18T05:29:14.041+0000] {drought_data_collector.py:158} WARNING -     ⚠️ Missouri: No data
[2025-10-18T05:29:14.041+0000] {drought_data_collector.py:148} INFO -   Fetching Montana...
[2025-10-18T05:29:14.955+0000] {drought_data_collector.py:122} ERROR -   ❌ Montana: Expecting value: line 1 column 1 (char 0)
[2025-10-18T05:29:14.956+0000] {drought_data_collector.py:158} WARNING -     ⚠️ Montana: No data
[2025-10-18T05:29:14.956+0000] {drought_data_collector.py:148} INFO -   Fetching Nebraska...
[2025-10-18T05:29:15.859+0000] {drought_data_collector.py:122} ERROR -   ❌ Nebraska: Expecting value: line 1 column 1 (char 0)
[2025-10-18T05:29:15.864+0000] {drought_data_collector.py:158} WARNING -     ⚠️ Nebraska: No data
[2025-10-18T05:29:15.865+0000] {drought_data_collector.py:148} INFO -   Fetching Nevada...
[2025-10-18T05:29:16.770+0000] {drought_data_collector.py:122} ERROR -   ❌ Nevada: Expecting value: line 1 column 1 (char 0)
[2025-10-18T05:29:16.774+0000] {drought_data_collector.py:158} WARNING -     ⚠️ Nevada: No data
[2025-10-18T05:29:16.775+0000] {drought_data_collector.py:148} INFO -   Fetching New Hampshire...
[2025-10-18T05:29:17.713+0000] {drought_data_collector.py:122} ERROR -   ❌ New Hampshire: Expecting value: line 1 column 1 (char 0)
[2025-10-18T05:29:17.719+0000] {drought_data_collector.py:158} WARNING -     ⚠️ New Hampshire: No data
[2025-10-18T05:29:17.720+0000] {drought_data_collector.py:148} INFO -   Fetching New Jersey...
[2025-10-18T05:29:18.640+0000] {drought_data_collector.py:122} ERROR -   ❌ New Jersey: Expecting value: line 1 column 1 (char 0)
[2025-10-18T05:29:18.643+0000] {drought_data_collector.py:158} WARNING -     ⚠️ New Jersey: No data
[2025-10-18T05:29:18.645+0000] {drought_data_collector.py:148} INFO -   Fetching New Mexico...
[2025-10-18T05:29:19.548+0000] {drought_data_collector.py:122} ERROR -   ❌ New Mexico: Expecting value: line 1 column 1 (char 0)
[2025-10-18T05:29:19.552+0000] {drought_data_collector.py:158} WARNING -     ⚠️ New Mexico: No data
[2025-10-18T05:29:19.553+0000] {drought_data_collector.py:148} INFO -   Fetching New York...
[2025-10-18T05:29:20.573+0000] {drought_data_collector.py:122} ERROR -   ❌ New York: Expecting value: line 1 column 1 (char 0)
[2025-10-18T05:29:20.577+0000] {drought_data_collector.py:158} WARNING -     ⚠️ New York: No data
[2025-10-18T05:29:20.578+0000] {drought_data_collector.py:148} INFO -   Fetching North Carolina...
[2025-10-18T05:29:21.458+0000] {drought_data_collector.py:122} ERROR -   ❌ North Carolina: Expecting value: line 1 column 1 (char 0)
[2025-10-18T05:29:21.461+0000] {drought_data_collector.py:158} WARNING -     ⚠️ North Carolina: No data
[2025-10-18T05:29:21.462+0000] {drought_data_collector.py:148} INFO -   Fetching North Dakota...
[2025-10-18T05:29:22.423+0000] {drought_data_collector.py:122} ERROR -   ❌ North Dakota: Expecting value: line 1 column 1 (char 0)
[2025-10-18T05:29:22.426+0000] {drought_data_collector.py:158} WARNING -     ⚠️ North Dakota: No data
[2025-10-18T05:29:22.427+0000] {drought_data_collector.py:148} INFO -   Fetching Ohio...
[2025-10-18T05:29:23.353+0000] {drought_data_collector.py:122} ERROR -   ❌ Ohio: Expecting value: line 1 column 1 (char 0)
[2025-10-18T05:29:23.357+0000] {drought_data_collector.py:158} WARNING -     ⚠️ Ohio: No data
[2025-10-18T05:29:23.357+0000] {drought_data_collector.py:148} INFO -   Fetching Oklahoma...
[2025-10-18T05:29:24.249+0000] {drought_data_collector.py:122} ERROR -   ❌ Oklahoma: Expecting value: line 1 column 1 (char 0)
[2025-10-18T05:29:24.251+0000] {drought_data_collector.py:158} WARNING -     ⚠️ Oklahoma: No data
[2025-10-18T05:29:24.252+0000] {drought_data_collector.py:148} INFO -   Fetching Oregon...
[2025-10-18T05:29:25.136+0000] {drought_data_collector.py:122} ERROR -   ❌ Oregon: Expecting value: line 1 column 1 (char 0)
[2025-10-18T05:29:25.137+0000] {drought_data_collector.py:158} WARNING -     ⚠️ Oregon: No data
[2025-10-18T05:29:25.137+0000] {drought_data_collector.py:148} INFO -   Fetching Pennsylvania...
[2025-10-18T05:29:26.101+0000] {drought_data_collector.py:122} ERROR -   ❌ Pennsylvania: Expecting value: line 1 column 1 (char 0)
[2025-10-18T05:29:26.105+0000] {drought_data_collector.py:158} WARNING -     ⚠️ Pennsylvania: No data
[2025-10-18T05:29:26.106+0000] {drought_data_collector.py:148} INFO -   Fetching Rhode Island...
[2025-10-18T05:29:27.026+0000] {drought_data_collector.py:122} ERROR -   ❌ Rhode Island: Expecting value: line 1 column 1 (char 0)
[2025-10-18T05:29:27.030+0000] {drought_data_collector.py:158} WARNING -     ⚠️ Rhode Island: No data
[2025-10-18T05:29:27.031+0000] {drought_data_collector.py:148} INFO -   Fetching South Carolina...
[2025-10-18T05:29:27.918+0000] {drought_data_collector.py:122} ERROR -   ❌ South Carolina: Expecting value: line 1 column 1 (char 0)
[2025-10-18T05:29:27.923+0000] {drought_data_collector.py:158} WARNING -     ⚠️ South Carolina: No data
[2025-10-18T05:29:27.925+0000] {drought_data_collector.py:148} INFO -   Fetching South Dakota...
[2025-10-18T05:29:28.808+0000] {drought_data_collector.py:122} ERROR -   ❌ South Dakota: Expecting value: line 1 column 1 (char 0)
[2025-10-18T05:29:28.812+0000] {drought_data_collector.py:158} WARNING -     ⚠️ South Dakota: No data
[2025-10-18T05:29:28.813+0000] {drought_data_collector.py:148} INFO -   Fetching Tennessee...
[2025-10-18T05:29:29.767+0000] {drought_data_collector.py:122} ERROR -   ❌ Tennessee: Expecting value: line 1 column 1 (char 0)
[2025-10-18T05:29:29.771+0000] {drought_data_collector.py:158} WARNING -     ⚠️ Tennessee: No data
[2025-10-18T05:29:29.772+0000] {drought_data_collector.py:148} INFO -   Fetching Texas...
[2025-10-18T05:29:30.693+0000] {drought_data_collector.py:122} ERROR -   ❌ Texas: Expecting value: line 1 column 1 (char 0)
[2025-10-18T05:29:30.698+0000] {drought_data_collector.py:158} WARNING -     ⚠️ Texas: No data
[2025-10-18T05:29:30.699+0000] {drought_data_collector.py:148} INFO -   Fetching Utah...
[2025-10-18T05:29:31.590+0000] {drought_data_collector.py:122} ERROR -   ❌ Utah: Expecting value: line 1 column 1 (char 0)
[2025-10-18T05:29:31.594+0000] {drought_data_collector.py:158} WARNING -     ⚠️ Utah: No data
[2025-10-18T05:29:31.596+0000] {drought_data_collector.py:148} INFO -   Fetching Vermont...
[2025-10-18T05:29:32.487+0000] {drought_data_collector.py:122} ERROR -   ❌ Vermont: Expecting value: line 1 column 1 (char 0)
[2025-10-18T05:29:32.489+0000] {drought_data_collector.py:158} WARNING -     ⚠️ Vermont: No data
[2025-10-18T05:29:32.490+0000] {drought_data_collector.py:148} INFO -   Fetching Virginia...
[2025-10-18T05:29:33.431+0000] {drought_data_collector.py:122} ERROR -   ❌ Virginia: Expecting value: line 1 column 1 (char 0)
[2025-10-18T05:29:33.432+0000] {drought_data_collector.py:158} WARNING -     ⚠️ Virginia: No data
[2025-10-18T05:29:33.432+0000] {drought_data_collector.py:148} INFO -   Fetching Washington...
[2025-10-18T05:29:34.365+0000] {drought_data_collector.py:122} ERROR -   ❌ Washington: Expecting value: line 1 column 1 (char 0)
[2025-10-18T05:29:34.365+0000] {drought_data_collector.py:158} WARNING -     ⚠️ Washington: No data
[2025-10-18T05:29:34.366+0000] {drought_data_collector.py:148} INFO -   Fetching West Virginia...
[2025-10-18T05:29:35.256+0000] {drought_data_collector.py:122} ERROR -   ❌ West Virginia: Expecting value: line 1 column 1 (char 0)
[2025-10-18T05:29:35.257+0000] {drought_data_collector.py:158} WARNING -     ⚠️ West Virginia: No data
[2025-10-18T05:29:35.257+0000] {drought_data_collector.py:148} INFO -   Fetching Wisconsin...
[2025-10-18T05:29:36.126+0000] {drought_data_collector.py:122} ERROR -   ❌ Wisconsin: Expecting value: line 1 column 1 (char 0)
[2025-10-18T05:29:36.129+0000] {drought_data_collector.py:158} WARNING -     ⚠️ Wisconsin: No data
[2025-10-18T05:29:36.130+0000] {drought_data_collector.py:148} INFO -   Fetching Wyoming...
[2025-10-18T05:29:37.019+0000] {drought_data_collector.py:122} ERROR -   ❌ Wyoming: Expecting value: line 1 column 1 (char 0)
[2025-10-18T05:29:37.021+0000] {drought_data_collector.py:158} WARNING -     ⚠️ Wyoming: No data
[2025-10-18T05:29:37.022+0000] {drought_data_collector.py:217} ERROR - ❌ No drought data collected from API
[2025-10-18T05:29:37.022+0000] {drought_data_collector.py:218} INFO - ⚠️ Generating fallback drought data with neutral values
[2025-10-18T05:29:37.028+0000] {drought_data_collector.py:240} INFO - ✅ Saved 50 fallback records to /opt/***/data/raw/2025/drought_2025.csv
[2025-10-18T05:29:37.043+0000] {agricultural_sri_pipeline.py:160} INFO - ✅ Fetched drought data for 50 states
[2025-10-18T05:29:37.043+0000] {python.py:194} INFO - Done. Returned value was: {'success': True, 'file_path': '/opt/***/data/raw/2025/drought_2025.csv', 'records': 50, 'states': 50, 'fallback_data': True, 'stats': {'year': 2025, 'states': {'Alabama': 1, 'Alaska': 1, 'Arizona': 1, 'Arkansas': 1, 'California': 1, 'Colorado': 1, 'Connecticut': 1, 'Delaware': 1, 'Florida': 1, 'Georgia': 1, 'Hawaii': 1, 'Idaho': 1, 'Illinois': 1, 'Indiana': 1, 'Iowa': 1, 'Kansas': 1, 'Kentucky': 1, 'Louisiana': 1, 'Maine': 1, 'Maryland': 1, 'Massachusetts': 1, 'Michigan': 1, 'Minnesota': 1, 'Mississippi': 1, 'Missouri': 1, 'Montana': 1, 'Nebraska': 1, 'Nevada': 1, 'New Hampshire': 1, 'New Jersey': 1, 'New Mexico': 1, 'New York': 1, 'North Carolina': 1, 'North Dakota': 1, 'Ohio': 1, 'Oklahoma': 1, 'Oregon': 1, 'Pennsylvania': 1, 'Rhode Island': 1, 'South Carolina': 1, 'South Dakota': 1, 'Tennessee': 1, 'Texas': 1, 'Utah': 1, 'Vermont': 1, 'Virginia': 1, 'Washington': 1, 'West Virginia': 1, 'Wisconsin': 1, 'Wyoming': 1}, 'total_records': 50, 'total_states': 50}}
[2025-10-18T05:29:37.050+0000] {taskinstance.py:1400} INFO - Marking task as SUCCESS. dag_id=agricultural_sri_annual_report, task_id=data_collection.fetch_drought, execution_date=20251018T051535, start_date=20251018T052847, end_date=20251018T052937
[2025-10-18T05:29:37.077+0000] {local_task_job_runner.py:228} INFO - Task exited with return code 0
[2025-10-18T05:29:37.090+0000] {taskinstance.py:2778} INFO - 1 downstream tasks scheduled from follow-on schedule check
