[2025-10-18T02:31:27.417+0000] {taskinstance.py:1159} INFO - Dependencies all met for dep_context=non-requeueable deps ti=<TaskInstance: agricultural_sri_annual_report.data_collection.fetch_drought manual__2025-10-18T02:31:24.144743+00:00 [queued]>
[2025-10-18T02:31:27.423+0000] {taskinstance.py:1159} INFO - Dependencies all met for dep_context=requeueable deps ti=<TaskInstance: agricultural_sri_annual_report.data_collection.fetch_drought manual__2025-10-18T02:31:24.144743+00:00 [queued]>
[2025-10-18T02:31:27.423+0000] {taskinstance.py:1361} INFO - Starting attempt 1 of 3
[2025-10-18T02:31:27.429+0000] {taskinstance.py:1382} INFO - Executing <Task(PythonOperator): data_collection.fetch_drought> on 2025-10-18 02:31:24.144743+00:00
[2025-10-18T02:31:27.432+0000] {standard_task_runner.py:57} INFO - Started process 279 to run task
[2025-10-18T02:31:27.434+0000] {standard_task_runner.py:84} INFO - Running: ['***', 'tasks', 'run', 'agricultural_sri_annual_report', 'data_collection.fetch_drought', 'manual__2025-10-18T02:31:24.144743+00:00', '--job-id', '4', '--raw', '--subdir', 'DAGS_FOLDER/agricultural_sri_pipeline.py', '--cfg-path', '/tmp/tmp6pe68wj2']
[2025-10-18T02:31:27.436+0000] {standard_task_runner.py:85} INFO - Job 4: Subtask data_collection.fetch_drought
[2025-10-18T02:31:27.464+0000] {task_command.py:416} INFO - Running <TaskInstance: agricultural_sri_annual_report.data_collection.fetch_drought manual__2025-10-18T02:31:24.144743+00:00 [running]> on host 4e2b74bc69c8
[2025-10-18T02:31:27.503+0000] {taskinstance.py:1662} INFO - Exporting env vars: AIRFLOW_CTX_DAG_EMAIL='alerts@agcompany.com' AIRFLOW_CTX_DAG_OWNER='agricultural_risk_team' AIRFLOW_CTX_DAG_ID='agricultural_sri_annual_report' AIRFLOW_CTX_TASK_ID='data_collection.fetch_drought' AIRFLOW_CTX_EXECUTION_DATE='2025-10-18T02:31:24.144743+00:00' AIRFLOW_CTX_TRY_NUMBER='1' AIRFLOW_CTX_DAG_RUN_ID='manual__2025-10-18T02:31:24.144743+00:00'
[2025-10-18T02:31:28.186+0000] {warnings.py:109} WARNING - /home/***/.local/lib/python3.10/site-packages/***/utils/context.py:314: AirflowContextDeprecationWarning: Accessing 'execution_date' from the template is deprecated and will be removed in a future version. Please use 'data_interval_start' or 'logical_date' instead.
  warnings.warn(_create_deprecation_warning(k, replacements))

[2025-10-18T02:31:28.186+0000] {agricultural_sri_pipeline.py:150} INFO - 🌵 Fetching drought data for 2025
[2025-10-18T02:31:28.187+0000] {drought_data_collector.py:137} INFO - 🌵 Fetching drought data for 2025
[2025-10-18T02:31:28.187+0000] {drought_data_collector.py:148} INFO -   Fetching Alabama...
[2025-10-18T02:31:29.191+0000] {drought_data_collector.py:122} ERROR -   ❌ Alabama: Expecting value: line 1 column 1 (char 0)
[2025-10-18T02:31:29.198+0000] {drought_data_collector.py:158} WARNING -     ⚠️ Alabama: No data
[2025-10-18T02:31:29.199+0000] {drought_data_collector.py:148} INFO -   Fetching Alaska...
[2025-10-18T02:31:30.083+0000] {drought_data_collector.py:122} ERROR -   ❌ Alaska: Expecting value: line 1 column 1 (char 0)
[2025-10-18T02:31:30.088+0000] {drought_data_collector.py:158} WARNING -     ⚠️ Alaska: No data
[2025-10-18T02:31:30.090+0000] {drought_data_collector.py:148} INFO -   Fetching Arizona...
[2025-10-18T02:31:30.989+0000] {drought_data_collector.py:122} ERROR -   ❌ Arizona: Expecting value: line 1 column 1 (char 0)
[2025-10-18T02:31:30.991+0000] {drought_data_collector.py:158} WARNING -     ⚠️ Arizona: No data
[2025-10-18T02:31:30.992+0000] {drought_data_collector.py:148} INFO -   Fetching Arkansas...
[2025-10-18T02:31:32.010+0000] {drought_data_collector.py:122} ERROR -   ❌ Arkansas: Expecting value: line 1 column 1 (char 0)
[2025-10-18T02:31:32.011+0000] {drought_data_collector.py:158} WARNING -     ⚠️ Arkansas: No data
[2025-10-18T02:31:32.012+0000] {drought_data_collector.py:148} INFO -   Fetching California...
[2025-10-18T02:31:33.092+0000] {drought_data_collector.py:122} ERROR -   ❌ California: Expecting value: line 1 column 1 (char 0)
[2025-10-18T02:31:33.097+0000] {drought_data_collector.py:158} WARNING -     ⚠️ California: No data
[2025-10-18T02:31:33.099+0000] {drought_data_collector.py:148} INFO -   Fetching Colorado...
[2025-10-18T02:31:34.037+0000] {drought_data_collector.py:122} ERROR -   ❌ Colorado: Expecting value: line 1 column 1 (char 0)
[2025-10-18T02:31:34.042+0000] {drought_data_collector.py:158} WARNING -     ⚠️ Colorado: No data
[2025-10-18T02:31:34.043+0000] {drought_data_collector.py:148} INFO -   Fetching Connecticut...
[2025-10-18T02:31:34.958+0000] {drought_data_collector.py:122} ERROR -   ❌ Connecticut: Expecting value: line 1 column 1 (char 0)
[2025-10-18T02:31:34.963+0000] {drought_data_collector.py:158} WARNING -     ⚠️ Connecticut: No data
[2025-10-18T02:31:34.964+0000] {drought_data_collector.py:148} INFO -   Fetching Delaware...
[2025-10-18T02:31:35.859+0000] {drought_data_collector.py:122} ERROR -   ❌ Delaware: Expecting value: line 1 column 1 (char 0)
[2025-10-18T02:31:35.861+0000] {drought_data_collector.py:158} WARNING -     ⚠️ Delaware: No data
[2025-10-18T02:31:35.861+0000] {drought_data_collector.py:148} INFO -   Fetching Florida...
[2025-10-18T02:31:36.970+0000] {drought_data_collector.py:122} ERROR -   ❌ Florida: Expecting value: line 1 column 1 (char 0)
[2025-10-18T02:31:36.973+0000] {drought_data_collector.py:158} WARNING -     ⚠️ Florida: No data
[2025-10-18T02:31:36.973+0000] {drought_data_collector.py:148} INFO -   Fetching Georgia...
[2025-10-18T02:31:37.946+0000] {drought_data_collector.py:122} ERROR -   ❌ Georgia: Expecting value: line 1 column 1 (char 0)
[2025-10-18T02:31:37.946+0000] {drought_data_collector.py:158} WARNING -     ⚠️ Georgia: No data
[2025-10-18T02:31:37.947+0000] {drought_data_collector.py:148} INFO -   Fetching Hawaii...
[2025-10-18T02:31:38.831+0000] {drought_data_collector.py:122} ERROR -   ❌ Hawaii: Expecting value: line 1 column 1 (char 0)
[2025-10-18T02:31:38.836+0000] {drought_data_collector.py:158} WARNING -     ⚠️ Hawaii: No data
[2025-10-18T02:31:38.840+0000] {drought_data_collector.py:148} INFO -   Fetching Idaho...
[2025-10-18T02:31:39.838+0000] {drought_data_collector.py:122} ERROR -   ❌ Idaho: Expecting value: line 1 column 1 (char 0)
[2025-10-18T02:31:39.843+0000] {drought_data_collector.py:158} WARNING -     ⚠️ Idaho: No data
[2025-10-18T02:31:39.844+0000] {drought_data_collector.py:148} INFO -   Fetching Illinois...
[2025-10-18T02:31:40.761+0000] {drought_data_collector.py:122} ERROR -   ❌ Illinois: Expecting value: line 1 column 1 (char 0)
[2025-10-18T02:31:40.764+0000] {drought_data_collector.py:158} WARNING -     ⚠️ Illinois: No data
[2025-10-18T02:31:40.764+0000] {drought_data_collector.py:148} INFO -   Fetching Indiana...
[2025-10-18T02:31:41.661+0000] {drought_data_collector.py:122} ERROR -   ❌ Indiana: Expecting value: line 1 column 1 (char 0)
[2025-10-18T02:31:41.676+0000] {drought_data_collector.py:158} WARNING -     ⚠️ Indiana: No data
[2025-10-18T02:31:41.677+0000] {drought_data_collector.py:148} INFO -   Fetching Iowa...
[2025-10-18T02:31:42.663+0000] {drought_data_collector.py:122} ERROR -   ❌ Iowa: Expecting value: line 1 column 1 (char 0)
[2025-10-18T02:31:42.664+0000] {drought_data_collector.py:158} WARNING -     ⚠️ Iowa: No data
[2025-10-18T02:31:42.665+0000] {drought_data_collector.py:148} INFO -   Fetching Kansas...
[2025-10-18T02:31:43.556+0000] {drought_data_collector.py:122} ERROR -   ❌ Kansas: Expecting value: line 1 column 1 (char 0)
[2025-10-18T02:31:43.562+0000] {drought_data_collector.py:158} WARNING -     ⚠️ Kansas: No data
[2025-10-18T02:31:43.564+0000] {drought_data_collector.py:148} INFO -   Fetching Kentucky...
[2025-10-18T02:31:44.513+0000] {drought_data_collector.py:122} ERROR -   ❌ Kentucky: Expecting value: line 1 column 1 (char 0)
[2025-10-18T02:31:44.517+0000] {drought_data_collector.py:158} WARNING -     ⚠️ Kentucky: No data
[2025-10-18T02:31:44.518+0000] {drought_data_collector.py:148} INFO -   Fetching Louisiana...
[2025-10-18T02:31:45.441+0000] {drought_data_collector.py:122} ERROR -   ❌ Louisiana: Expecting value: line 1 column 1 (char 0)
[2025-10-18T02:31:45.444+0000] {drought_data_collector.py:158} WARNING -     ⚠️ Louisiana: No data
[2025-10-18T02:31:45.444+0000] {drought_data_collector.py:148} INFO -   Fetching Maine...
[2025-10-18T02:31:46.336+0000] {drought_data_collector.py:122} ERROR -   ❌ Maine: Expecting value: line 1 column 1 (char 0)
[2025-10-18T02:31:46.340+0000] {drought_data_collector.py:158} WARNING -     ⚠️ Maine: No data
[2025-10-18T02:31:46.341+0000] {drought_data_collector.py:148} INFO -   Fetching Maryland...
[2025-10-18T02:31:47.236+0000] {drought_data_collector.py:122} ERROR -   ❌ Maryland: Expecting value: line 1 column 1 (char 0)
[2025-10-18T02:31:47.241+0000] {drought_data_collector.py:158} WARNING -     ⚠️ Maryland: No data
[2025-10-18T02:31:47.242+0000] {drought_data_collector.py:148} INFO -   Fetching Massachusetts...
[2025-10-18T02:31:48.237+0000] {drought_data_collector.py:122} ERROR -   ❌ Massachusetts: Expecting value: line 1 column 1 (char 0)
[2025-10-18T02:31:48.243+0000] {drought_data_collector.py:158} WARNING -     ⚠️ Massachusetts: No data
[2025-10-18T02:31:48.245+0000] {drought_data_collector.py:148} INFO -   Fetching Michigan...
[2025-10-18T02:31:49.131+0000] {drought_data_collector.py:122} ERROR -   ❌ Michigan: Expecting value: line 1 column 1 (char 0)
[2025-10-18T02:31:49.137+0000] {drought_data_collector.py:158} WARNING -     ⚠️ Michigan: No data
[2025-10-18T02:31:49.138+0000] {drought_data_collector.py:148} INFO -   Fetching Minnesota...
[2025-10-18T02:31:50.037+0000] {drought_data_collector.py:122} ERROR -   ❌ Minnesota: Expecting value: line 1 column 1 (char 0)
[2025-10-18T02:31:50.041+0000] {drought_data_collector.py:158} WARNING -     ⚠️ Minnesota: No data
[2025-10-18T02:31:50.043+0000] {drought_data_collector.py:148} INFO -   Fetching Mississippi...
[2025-10-18T02:31:51.053+0000] {drought_data_collector.py:122} ERROR -   ❌ Mississippi: Expecting value: line 1 column 1 (char 0)
[2025-10-18T02:31:51.058+0000] {drought_data_collector.py:158} WARNING -     ⚠️ Mississippi: No data
[2025-10-18T02:31:51.059+0000] {drought_data_collector.py:148} INFO -   Fetching Missouri...
[2025-10-18T02:31:51.944+0000] {drought_data_collector.py:122} ERROR -   ❌ Missouri: Expecting value: line 1 column 1 (char 0)
[2025-10-18T02:31:51.949+0000] {drought_data_collector.py:158} WARNING -     ⚠️ Missouri: No data
[2025-10-18T02:31:51.950+0000] {drought_data_collector.py:148} INFO -   Fetching Montana...
[2025-10-18T02:31:52.947+0000] {drought_data_collector.py:122} ERROR -   ❌ Montana: Expecting value: line 1 column 1 (char 0)
[2025-10-18T02:31:52.951+0000] {drought_data_collector.py:158} WARNING -     ⚠️ Montana: No data
[2025-10-18T02:31:52.952+0000] {drought_data_collector.py:148} INFO -   Fetching Nebraska...
[2025-10-18T02:31:53.859+0000] {drought_data_collector.py:122} ERROR -   ❌ Nebraska: Expecting value: line 1 column 1 (char 0)
[2025-10-18T02:31:53.862+0000] {drought_data_collector.py:158} WARNING -     ⚠️ Nebraska: No data
[2025-10-18T02:31:53.863+0000] {drought_data_collector.py:148} INFO -   Fetching Nevada...
[2025-10-18T02:31:54.764+0000] {drought_data_collector.py:122} ERROR -   ❌ Nevada: Expecting value: line 1 column 1 (char 0)
[2025-10-18T02:31:54.768+0000] {drought_data_collector.py:158} WARNING -     ⚠️ Nevada: No data
[2025-10-18T02:31:54.770+0000] {drought_data_collector.py:148} INFO -   Fetching New Hampshire...
[2025-10-18T02:31:55.773+0000] {drought_data_collector.py:122} ERROR -   ❌ New Hampshire: Expecting value: line 1 column 1 (char 0)
[2025-10-18T02:31:55.776+0000] {drought_data_collector.py:158} WARNING -     ⚠️ New Hampshire: No data
[2025-10-18T02:31:55.777+0000] {drought_data_collector.py:148} INFO -   Fetching New Jersey...
[2025-10-18T02:31:56.667+0000] {drought_data_collector.py:122} ERROR -   ❌ New Jersey: Expecting value: line 1 column 1 (char 0)
[2025-10-18T02:31:56.673+0000] {drought_data_collector.py:158} WARNING -     ⚠️ New Jersey: No data
[2025-10-18T02:31:56.674+0000] {drought_data_collector.py:148} INFO -   Fetching New Mexico...
[2025-10-18T02:31:57.629+0000] {drought_data_collector.py:122} ERROR -   ❌ New Mexico: Expecting value: line 1 column 1 (char 0)
[2025-10-18T02:31:57.632+0000] {drought_data_collector.py:158} WARNING -     ⚠️ New Mexico: No data
[2025-10-18T02:31:57.633+0000] {drought_data_collector.py:148} INFO -   Fetching New York...
[2025-10-18T02:31:58.554+0000] {drought_data_collector.py:122} ERROR -   ❌ New York: Expecting value: line 1 column 1 (char 0)
[2025-10-18T02:31:58.556+0000] {drought_data_collector.py:158} WARNING -     ⚠️ New York: No data
[2025-10-18T02:31:58.557+0000] {drought_data_collector.py:148} INFO -   Fetching North Carolina...
[2025-10-18T02:31:59.458+0000] {drought_data_collector.py:122} ERROR -   ❌ North Carolina: Expecting value: line 1 column 1 (char 0)
[2025-10-18T02:31:59.463+0000] {drought_data_collector.py:158} WARNING -     ⚠️ North Carolina: No data
[2025-10-18T02:31:59.465+0000] {drought_data_collector.py:148} INFO -   Fetching North Dakota...
[2025-10-18T02:32:00.486+0000] {drought_data_collector.py:122} ERROR -   ❌ North Dakota: Expecting value: line 1 column 1 (char 0)
[2025-10-18T02:32:00.488+0000] {drought_data_collector.py:158} WARNING -     ⚠️ North Dakota: No data
[2025-10-18T02:32:00.488+0000] {drought_data_collector.py:148} INFO -   Fetching Ohio...
[2025-10-18T02:32:01.384+0000] {drought_data_collector.py:122} ERROR -   ❌ Ohio: Expecting value: line 1 column 1 (char 0)
[2025-10-18T02:32:01.389+0000] {drought_data_collector.py:158} WARNING -     ⚠️ Ohio: No data
[2025-10-18T02:32:01.391+0000] {drought_data_collector.py:148} INFO -   Fetching Oklahoma...
[2025-10-18T02:32:02.344+0000] {drought_data_collector.py:122} ERROR -   ❌ Oklahoma: Expecting value: line 1 column 1 (char 0)
[2025-10-18T02:32:02.349+0000] {drought_data_collector.py:158} WARNING -     ⚠️ Oklahoma: No data
[2025-10-18T02:32:02.350+0000] {drought_data_collector.py:148} INFO -   Fetching Oregon...
[2025-10-18T02:32:03.279+0000] {drought_data_collector.py:122} ERROR -   ❌ Oregon: Expecting value: line 1 column 1 (char 0)
[2025-10-18T02:32:03.283+0000] {drought_data_collector.py:158} WARNING -     ⚠️ Oregon: No data
[2025-10-18T02:32:03.284+0000] {drought_data_collector.py:148} INFO -   Fetching Pennsylvania...
[2025-10-18T02:32:04.166+0000] {drought_data_collector.py:122} ERROR -   ❌ Pennsylvania: Expecting value: line 1 column 1 (char 0)
[2025-10-18T02:32:04.170+0000] {drought_data_collector.py:158} WARNING -     ⚠️ Pennsylvania: No data
[2025-10-18T02:32:04.172+0000] {drought_data_collector.py:148} INFO -   Fetching Rhode Island...
[2025-10-18T02:32:05.064+0000] {drought_data_collector.py:122} ERROR -   ❌ Rhode Island: Expecting value: line 1 column 1 (char 0)
[2025-10-18T02:32:05.068+0000] {drought_data_collector.py:158} WARNING -     ⚠️ Rhode Island: No data
[2025-10-18T02:32:05.069+0000] {drought_data_collector.py:148} INFO -   Fetching South Carolina...
[2025-10-18T02:32:06.019+0000] {drought_data_collector.py:122} ERROR -   ❌ South Carolina: Expecting value: line 1 column 1 (char 0)
[2025-10-18T02:32:06.020+0000] {drought_data_collector.py:158} WARNING -     ⚠️ South Carolina: No data
[2025-10-18T02:32:06.021+0000] {drought_data_collector.py:148} INFO -   Fetching South Dakota...
[2025-10-18T02:32:06.948+0000] {drought_data_collector.py:122} ERROR -   ❌ South Dakota: Expecting value: line 1 column 1 (char 0)
[2025-10-18T02:32:06.955+0000] {drought_data_collector.py:158} WARNING -     ⚠️ South Dakota: No data
[2025-10-18T02:32:06.959+0000] {drought_data_collector.py:148} INFO -   Fetching Tennessee...
[2025-10-18T02:32:07.865+0000] {drought_data_collector.py:122} ERROR -   ❌ Tennessee: Expecting value: line 1 column 1 (char 0)
[2025-10-18T02:32:07.870+0000] {drought_data_collector.py:158} WARNING -     ⚠️ Tennessee: No data
[2025-10-18T02:32:07.872+0000] {drought_data_collector.py:148} INFO -   Fetching Texas...
[2025-10-18T02:32:08.878+0000] {drought_data_collector.py:122} ERROR -   ❌ Texas: Expecting value: line 1 column 1 (char 0)
[2025-10-18T02:32:08.879+0000] {drought_data_collector.py:158} WARNING -     ⚠️ Texas: No data
[2025-10-18T02:32:08.879+0000] {drought_data_collector.py:148} INFO -   Fetching Utah...
[2025-10-18T02:32:09.764+0000] {drought_data_collector.py:122} ERROR -   ❌ Utah: Expecting value: line 1 column 1 (char 0)
[2025-10-18T02:32:09.769+0000] {drought_data_collector.py:158} WARNING -     ⚠️ Utah: No data
[2025-10-18T02:32:09.771+0000] {drought_data_collector.py:148} INFO -   Fetching Vermont...
[2025-10-18T02:32:10.736+0000] {drought_data_collector.py:122} ERROR -   ❌ Vermont: Expecting value: line 1 column 1 (char 0)
[2025-10-18T02:32:10.739+0000] {drought_data_collector.py:158} WARNING -     ⚠️ Vermont: No data
[2025-10-18T02:32:10.740+0000] {drought_data_collector.py:148} INFO -   Fetching Virginia...
[2025-10-18T02:32:11.665+0000] {drought_data_collector.py:122} ERROR -   ❌ Virginia: Expecting value: line 1 column 1 (char 0)
[2025-10-18T02:32:11.669+0000] {drought_data_collector.py:158} WARNING -     ⚠️ Virginia: No data
[2025-10-18T02:32:11.671+0000] {drought_data_collector.py:148} INFO -   Fetching Washington...
[2025-10-18T02:32:12.569+0000] {drought_data_collector.py:122} ERROR -   ❌ Washington: Expecting value: line 1 column 1 (char 0)
[2025-10-18T02:32:12.573+0000] {drought_data_collector.py:158} WARNING -     ⚠️ Washington: No data
[2025-10-18T02:32:12.574+0000] {drought_data_collector.py:148} INFO -   Fetching West Virginia...
[2025-10-18T02:32:13.597+0000] {drought_data_collector.py:122} ERROR -   ❌ West Virginia: Expecting value: line 1 column 1 (char 0)
[2025-10-18T02:32:13.601+0000] {drought_data_collector.py:158} WARNING -     ⚠️ West Virginia: No data
[2025-10-18T02:32:13.602+0000] {drought_data_collector.py:148} INFO -   Fetching Wisconsin...
[2025-10-18T02:32:14.697+0000] {drought_data_collector.py:122} ERROR -   ❌ Wisconsin: Expecting value: line 1 column 1 (char 0)
[2025-10-18T02:32:14.700+0000] {drought_data_collector.py:158} WARNING -     ⚠️ Wisconsin: No data
[2025-10-18T02:32:14.701+0000] {drought_data_collector.py:148} INFO -   Fetching Wyoming...
[2025-10-18T02:32:15.696+0000] {drought_data_collector.py:122} ERROR -   ❌ Wyoming: Expecting value: line 1 column 1 (char 0)
[2025-10-18T02:32:15.703+0000] {drought_data_collector.py:158} WARNING -     ⚠️ Wyoming: No data
[2025-10-18T02:32:15.704+0000] {drought_data_collector.py:217} ERROR - ❌ No drought data collected
[2025-10-18T02:32:15.717+0000] {taskinstance.py:1937} ERROR - Task failed with exception
Traceback (most recent call last):
  File "/home/airflow/.local/lib/python3.10/site-packages/airflow/operators/python.py", line 192, in execute
    return_value = self.execute_callable()
  File "/home/airflow/.local/lib/python3.10/site-packages/airflow/operators/python.py", line 209, in execute_callable
    return self.python_callable(*self.op_args, **self.op_kwargs)
  File "/opt/airflow/dags/agricultural_sri_pipeline.py", line 158, in fetch_drought_data
    context['ti'].xcom_push(key='drought_states', value=result['states'])
KeyError: 'states'
[2025-10-18T02:32:15.721+0000] {taskinstance.py:1400} INFO - Marking task as UP_FOR_RETRY. dag_id=agricultural_sri_annual_report, task_id=data_collection.fetch_drought, execution_date=20251018T023124, start_date=20251018T023127, end_date=20251018T023215
[2025-10-18T02:32:15.726+0000] {standard_task_runner.py:104} ERROR - Failed to execute job 4 for task data_collection.fetch_drought ('states'; 279)
[2025-10-18T02:32:15.751+0000] {local_task_job_runner.py:228} INFO - Task exited with return code 1
[2025-10-18T02:32:15.764+0000] {taskinstance.py:2778} INFO - 0 downstream tasks scheduled from follow-on schedule check
