[2025-10-18T03:07:11.599+0000] {taskinstance.py:1159} INFO - Dependencies all met for dep_context=non-requeueable deps ti=<TaskInstance: agricultural_sri_annual_report.data_collection.fetch_drought manual__2025-10-18T02:31:24.144743+00:00 [queued]>
[2025-10-18T03:07:11.605+0000] {taskinstance.py:1159} INFO - Dependencies all met for dep_context=requeueable deps ti=<TaskInstance: agricultural_sri_annual_report.data_collection.fetch_drought manual__2025-10-18T02:31:24.144743+00:00 [queued]>
[2025-10-18T03:07:11.606+0000] {taskinstance.py:1361} INFO - Starting attempt 3 of 5
[2025-10-18T03:07:11.612+0000] {taskinstance.py:1382} INFO - Executing <Task(PythonOperator): data_collection.fetch_drought> on 2025-10-18 02:31:24.144743+00:00
[2025-10-18T03:07:11.614+0000] {standard_task_runner.py:57} INFO - Started process 61 to run task
[2025-10-18T03:07:11.616+0000] {standard_task_runner.py:84} INFO - Running: ['***', 'tasks', 'run', 'agricultural_sri_annual_report', 'data_collection.fetch_drought', 'manual__2025-10-18T02:31:24.144743+00:00', '--job-id', '10', '--raw', '--subdir', 'DAGS_FOLDER/agricultural_sri_pipeline.py', '--cfg-path', '/tmp/tmp8z3c34uv']
[2025-10-18T03:07:11.617+0000] {standard_task_runner.py:85} INFO - Job 10: Subtask data_collection.fetch_drought
[2025-10-18T03:07:11.638+0000] {task_command.py:416} INFO - Running <TaskInstance: agricultural_sri_annual_report.data_collection.fetch_drought manual__2025-10-18T02:31:24.144743+00:00 [running]> on host 4e2b74bc69c8
[2025-10-18T03:07:11.669+0000] {taskinstance.py:1662} INFO - Exporting env vars: AIRFLOW_CTX_DAG_EMAIL='alerts@agcompany.com' AIRFLOW_CTX_DAG_OWNER='agricultural_risk_team' AIRFLOW_CTX_DAG_ID='agricultural_sri_annual_report' AIRFLOW_CTX_TASK_ID='data_collection.fetch_drought' AIRFLOW_CTX_EXECUTION_DATE='2025-10-18T02:31:24.144743+00:00' AIRFLOW_CTX_TRY_NUMBER='3' AIRFLOW_CTX_DAG_RUN_ID='manual__2025-10-18T02:31:24.144743+00:00'
[2025-10-18T03:07:11.872+0000] {warnings.py:109} WARNING - /home/***/.local/lib/python3.10/site-packages/***/utils/context.py:314: AirflowContextDeprecationWarning: Accessing 'execution_date' from the template is deprecated and will be removed in a future version. Please use 'data_interval_start' or 'logical_date' instead.
  warnings.warn(_create_deprecation_warning(k, replacements))

[2025-10-18T03:07:11.873+0000] {agricultural_sri_pipeline.py:150} INFO - 🌵 Fetching drought data for 2025
[2025-10-18T03:07:11.873+0000] {drought_data_collector.py:137} INFO - 🌵 Fetching drought data for 2025
[2025-10-18T03:07:11.873+0000] {drought_data_collector.py:148} INFO -   Fetching Alabama...
[2025-10-18T03:07:12.993+0000] {drought_data_collector.py:122} ERROR -   ❌ Alabama: Expecting value: line 1 column 1 (char 0)
[2025-10-18T03:07:12.994+0000] {drought_data_collector.py:158} WARNING -     ⚠️ Alabama: No data
[2025-10-18T03:07:12.994+0000] {drought_data_collector.py:148} INFO -   Fetching Alaska...
[2025-10-18T03:07:13.997+0000] {drought_data_collector.py:122} ERROR -   ❌ Alaska: Expecting value: line 1 column 1 (char 0)
[2025-10-18T03:07:13.998+0000] {drought_data_collector.py:158} WARNING -     ⚠️ Alaska: No data
[2025-10-18T03:07:13.999+0000] {drought_data_collector.py:148} INFO -   Fetching Arizona...
[2025-10-18T03:07:15.012+0000] {drought_data_collector.py:122} ERROR -   ❌ Arizona: Expecting value: line 1 column 1 (char 0)
[2025-10-18T03:07:15.015+0000] {drought_data_collector.py:158} WARNING -     ⚠️ Arizona: No data
[2025-10-18T03:07:15.018+0000] {drought_data_collector.py:148} INFO -   Fetching Arkansas...
[2025-10-18T03:07:16.059+0000] {drought_data_collector.py:122} ERROR -   ❌ Arkansas: Expecting value: line 1 column 1 (char 0)
[2025-10-18T03:07:16.063+0000] {drought_data_collector.py:158} WARNING -     ⚠️ Arkansas: No data
[2025-10-18T03:07:16.064+0000] {drought_data_collector.py:148} INFO -   Fetching California...
[2025-10-18T03:07:16.986+0000] {drought_data_collector.py:122} ERROR -   ❌ California: Expecting value: line 1 column 1 (char 0)
[2025-10-18T03:07:16.989+0000] {drought_data_collector.py:158} WARNING -     ⚠️ California: No data
[2025-10-18T03:07:16.991+0000] {drought_data_collector.py:148} INFO -   Fetching Colorado...
[2025-10-18T03:07:17.924+0000] {drought_data_collector.py:122} ERROR -   ❌ Colorado: Expecting value: line 1 column 1 (char 0)
[2025-10-18T03:07:17.927+0000] {drought_data_collector.py:158} WARNING -     ⚠️ Colorado: No data
[2025-10-18T03:07:17.929+0000] {drought_data_collector.py:148} INFO -   Fetching Connecticut...
[2025-10-18T03:07:18.837+0000] {drought_data_collector.py:122} ERROR -   ❌ Connecticut: Expecting value: line 1 column 1 (char 0)
[2025-10-18T03:07:18.842+0000] {drought_data_collector.py:158} WARNING -     ⚠️ Connecticut: No data
[2025-10-18T03:07:18.843+0000] {drought_data_collector.py:148} INFO -   Fetching Delaware...
[2025-10-18T03:07:19.735+0000] {drought_data_collector.py:122} ERROR -   ❌ Delaware: Expecting value: line 1 column 1 (char 0)
[2025-10-18T03:07:19.739+0000] {drought_data_collector.py:158} WARNING -     ⚠️ Delaware: No data
[2025-10-18T03:07:19.741+0000] {drought_data_collector.py:148} INFO -   Fetching Florida...
[2025-10-18T03:07:20.625+0000] {drought_data_collector.py:122} ERROR -   ❌ Florida: Expecting value: line 1 column 1 (char 0)
[2025-10-18T03:07:20.628+0000] {drought_data_collector.py:158} WARNING -     ⚠️ Florida: No data
[2025-10-18T03:07:20.628+0000] {drought_data_collector.py:148} INFO -   Fetching Georgia...
[2025-10-18T03:07:21.580+0000] {drought_data_collector.py:122} ERROR -   ❌ Georgia: Expecting value: line 1 column 1 (char 0)
[2025-10-18T03:07:21.584+0000] {drought_data_collector.py:158} WARNING -     ⚠️ Georgia: No data
[2025-10-18T03:07:21.585+0000] {drought_data_collector.py:148} INFO -   Fetching Hawaii...
[2025-10-18T03:07:22.522+0000] {drought_data_collector.py:122} ERROR -   ❌ Hawaii: Expecting value: line 1 column 1 (char 0)
[2025-10-18T03:07:22.524+0000] {drought_data_collector.py:158} WARNING -     ⚠️ Hawaii: No data
[2025-10-18T03:07:22.524+0000] {drought_data_collector.py:148} INFO -   Fetching Idaho...
[2025-10-18T03:07:23.416+0000] {drought_data_collector.py:122} ERROR -   ❌ Idaho: Expecting value: line 1 column 1 (char 0)
[2025-10-18T03:07:23.420+0000] {drought_data_collector.py:158} WARNING -     ⚠️ Idaho: No data
[2025-10-18T03:07:23.421+0000] {drought_data_collector.py:148} INFO -   Fetching Illinois...
[2025-10-18T03:07:24.446+0000] {drought_data_collector.py:122} ERROR -   ❌ Illinois: Expecting value: line 1 column 1 (char 0)
[2025-10-18T03:07:24.448+0000] {drought_data_collector.py:158} WARNING -     ⚠️ Illinois: No data
[2025-10-18T03:07:24.448+0000] {drought_data_collector.py:148} INFO -   Fetching Indiana...
[2025-10-18T03:07:25.339+0000] {drought_data_collector.py:122} ERROR -   ❌ Indiana: Expecting value: line 1 column 1 (char 0)
[2025-10-18T03:07:25.343+0000] {drought_data_collector.py:158} WARNING -     ⚠️ Indiana: No data
[2025-10-18T03:07:25.344+0000] {drought_data_collector.py:148} INFO -   Fetching Iowa...
[2025-10-18T03:07:26.294+0000] {drought_data_collector.py:122} ERROR -   ❌ Iowa: Expecting value: line 1 column 1 (char 0)
[2025-10-18T03:07:26.297+0000] {drought_data_collector.py:158} WARNING -     ⚠️ Iowa: No data
[2025-10-18T03:07:26.298+0000] {drought_data_collector.py:148} INFO -   Fetching Kansas...
[2025-10-18T03:07:27.222+0000] {drought_data_collector.py:122} ERROR -   ❌ Kansas: Expecting value: line 1 column 1 (char 0)
[2025-10-18T03:07:27.226+0000] {drought_data_collector.py:158} WARNING -     ⚠️ Kansas: No data
[2025-10-18T03:07:27.228+0000] {drought_data_collector.py:148} INFO -   Fetching Kentucky...
[2025-10-18T03:07:28.172+0000] {drought_data_collector.py:122} ERROR -   ❌ Kentucky: Expecting value: line 1 column 1 (char 0)
[2025-10-18T03:07:28.176+0000] {drought_data_collector.py:158} WARNING -     ⚠️ Kentucky: No data
[2025-10-18T03:07:28.178+0000] {drought_data_collector.py:148} INFO -   Fetching Louisiana...
[2025-10-18T03:07:29.172+0000] {drought_data_collector.py:122} ERROR -   ❌ Louisiana: Expecting value: line 1 column 1 (char 0)
[2025-10-18T03:07:29.177+0000] {drought_data_collector.py:158} WARNING -     ⚠️ Louisiana: No data
[2025-10-18T03:07:29.178+0000] {drought_data_collector.py:148} INFO -   Fetching Maine...
[2025-10-18T03:07:30.252+0000] {drought_data_collector.py:122} ERROR -   ❌ Maine: Expecting value: line 1 column 1 (char 0)
[2025-10-18T03:07:30.255+0000] {drought_data_collector.py:158} WARNING -     ⚠️ Maine: No data
[2025-10-18T03:07:30.256+0000] {drought_data_collector.py:148} INFO -   Fetching Maryland...
[2025-10-18T03:07:31.298+0000] {drought_data_collector.py:122} ERROR -   ❌ Maryland: Expecting value: line 1 column 1 (char 0)
[2025-10-18T03:07:31.301+0000] {drought_data_collector.py:158} WARNING -     ⚠️ Maryland: No data
[2025-10-18T03:07:31.302+0000] {drought_data_collector.py:148} INFO -   Fetching Massachusetts...
[2025-10-18T03:07:32.408+0000] {drought_data_collector.py:122} ERROR -   ❌ Massachusetts: Expecting value: line 1 column 1 (char 0)
[2025-10-18T03:07:32.412+0000] {drought_data_collector.py:158} WARNING -     ⚠️ Massachusetts: No data
[2025-10-18T03:07:32.414+0000] {drought_data_collector.py:148} INFO -   Fetching Michigan...
[2025-10-18T03:07:33.450+0000] {drought_data_collector.py:122} ERROR -   ❌ Michigan: Expecting value: line 1 column 1 (char 0)
[2025-10-18T03:07:33.455+0000] {drought_data_collector.py:158} WARNING -     ⚠️ Michigan: No data
[2025-10-18T03:07:33.456+0000] {drought_data_collector.py:148} INFO -   Fetching Minnesota...
[2025-10-18T03:07:34.495+0000] {drought_data_collector.py:122} ERROR -   ❌ Minnesota: Expecting value: line 1 column 1 (char 0)
[2025-10-18T03:07:34.497+0000] {drought_data_collector.py:158} WARNING -     ⚠️ Minnesota: No data
[2025-10-18T03:07:34.497+0000] {drought_data_collector.py:148} INFO -   Fetching Mississippi...
[2025-10-18T03:07:35.608+0000] {drought_data_collector.py:122} ERROR -   ❌ Mississippi: Expecting value: line 1 column 1 (char 0)
[2025-10-18T03:07:35.610+0000] {drought_data_collector.py:158} WARNING -     ⚠️ Mississippi: No data
[2025-10-18T03:07:35.611+0000] {drought_data_collector.py:148} INFO -   Fetching Missouri...
[2025-10-18T03:07:36.508+0000] {drought_data_collector.py:122} ERROR -   ❌ Missouri: Expecting value: line 1 column 1 (char 0)
[2025-10-18T03:07:36.524+0000] {drought_data_collector.py:158} WARNING -     ⚠️ Missouri: No data
[2025-10-18T03:07:36.525+0000] {drought_data_collector.py:148} INFO -   Fetching Montana...
[2025-10-18T03:07:37.399+0000] {drought_data_collector.py:122} ERROR -   ❌ Montana: Expecting value: line 1 column 1 (char 0)
[2025-10-18T03:07:37.403+0000] {drought_data_collector.py:158} WARNING -     ⚠️ Montana: No data
[2025-10-18T03:07:37.404+0000] {drought_data_collector.py:148} INFO -   Fetching Nebraska...
[2025-10-18T03:07:38.372+0000] {drought_data_collector.py:122} ERROR -   ❌ Nebraska: Expecting value: line 1 column 1 (char 0)
[2025-10-18T03:07:38.376+0000] {drought_data_collector.py:158} WARNING -     ⚠️ Nebraska: No data
[2025-10-18T03:07:38.377+0000] {drought_data_collector.py:148} INFO -   Fetching Nevada...
[2025-10-18T03:07:39.502+0000] {drought_data_collector.py:122} ERROR -   ❌ Nevada: Expecting value: line 1 column 1 (char 0)
[2025-10-18T03:07:39.530+0000] {drought_data_collector.py:158} WARNING -     ⚠️ Nevada: No data
[2025-10-18T03:07:39.538+0000] {drought_data_collector.py:148} INFO -   Fetching New Hampshire...
[2025-10-18T03:07:40.524+0000] {drought_data_collector.py:122} ERROR -   ❌ New Hampshire: Expecting value: line 1 column 1 (char 0)
[2025-10-18T03:07:40.527+0000] {drought_data_collector.py:158} WARNING -     ⚠️ New Hampshire: No data
[2025-10-18T03:07:40.528+0000] {drought_data_collector.py:148} INFO -   Fetching New Jersey...
[2025-10-18T03:07:41.411+0000] {drought_data_collector.py:122} ERROR -   ❌ New Jersey: Expecting value: line 1 column 1 (char 0)
[2025-10-18T03:07:41.415+0000] {drought_data_collector.py:158} WARNING -     ⚠️ New Jersey: No data
[2025-10-18T03:07:41.420+0000] {drought_data_collector.py:148} INFO -   Fetching New Mexico...
[2025-10-18T03:07:42.346+0000] {drought_data_collector.py:122} ERROR -   ❌ New Mexico: Expecting value: line 1 column 1 (char 0)
[2025-10-18T03:07:42.350+0000] {drought_data_collector.py:158} WARNING -     ⚠️ New Mexico: No data
[2025-10-18T03:07:42.351+0000] {drought_data_collector.py:148} INFO -   Fetching New York...
[2025-10-18T03:07:43.325+0000] {drought_data_collector.py:122} ERROR -   ❌ New York: Expecting value: line 1 column 1 (char 0)
[2025-10-18T03:07:43.329+0000] {drought_data_collector.py:158} WARNING -     ⚠️ New York: No data
[2025-10-18T03:07:43.331+0000] {drought_data_collector.py:148} INFO -   Fetching North Carolina...
[2025-10-18T03:07:44.224+0000] {drought_data_collector.py:122} ERROR -   ❌ North Carolina: Expecting value: line 1 column 1 (char 0)
[2025-10-18T03:07:44.225+0000] {drought_data_collector.py:158} WARNING -     ⚠️ North Carolina: No data
[2025-10-18T03:07:44.225+0000] {drought_data_collector.py:148} INFO -   Fetching North Dakota...
[2025-10-18T03:07:45.173+0000] {drought_data_collector.py:122} ERROR -   ❌ North Dakota: Expecting value: line 1 column 1 (char 0)
[2025-10-18T03:07:45.177+0000] {drought_data_collector.py:158} WARNING -     ⚠️ North Dakota: No data
[2025-10-18T03:07:45.178+0000] {drought_data_collector.py:148} INFO -   Fetching Ohio...
[2025-10-18T03:07:46.103+0000] {drought_data_collector.py:122} ERROR -   ❌ Ohio: Expecting value: line 1 column 1 (char 0)
[2025-10-18T03:07:46.106+0000] {drought_data_collector.py:158} WARNING -     ⚠️ Ohio: No data
[2025-10-18T03:07:46.108+0000] {drought_data_collector.py:148} INFO -   Fetching Oklahoma...
[2025-10-18T03:07:47.004+0000] {drought_data_collector.py:122} ERROR -   ❌ Oklahoma: Expecting value: line 1 column 1 (char 0)
[2025-10-18T03:07:47.008+0000] {drought_data_collector.py:158} WARNING -     ⚠️ Oklahoma: No data
[2025-10-18T03:07:47.009+0000] {drought_data_collector.py:148} INFO -   Fetching Oregon...
[2025-10-18T03:07:47.913+0000] {drought_data_collector.py:122} ERROR -   ❌ Oregon: Expecting value: line 1 column 1 (char 0)
[2025-10-18T03:07:47.916+0000] {drought_data_collector.py:158} WARNING -     ⚠️ Oregon: No data
[2025-10-18T03:07:47.917+0000] {drought_data_collector.py:148} INFO -   Fetching Pennsylvania...
[2025-10-18T03:07:48.844+0000] {drought_data_collector.py:122} ERROR -   ❌ Pennsylvania: Expecting value: line 1 column 1 (char 0)
[2025-10-18T03:07:48.848+0000] {drought_data_collector.py:158} WARNING -     ⚠️ Pennsylvania: No data
[2025-10-18T03:07:48.850+0000] {drought_data_collector.py:148} INFO -   Fetching Rhode Island...
[2025-10-18T03:07:49.772+0000] {drought_data_collector.py:122} ERROR -   ❌ Rhode Island: Expecting value: line 1 column 1 (char 0)
[2025-10-18T03:07:49.774+0000] {drought_data_collector.py:158} WARNING -     ⚠️ Rhode Island: No data
[2025-10-18T03:07:49.774+0000] {drought_data_collector.py:148} INFO -   Fetching South Carolina...
[2025-10-18T03:07:50.773+0000] {drought_data_collector.py:122} ERROR -   ❌ South Carolina: Expecting value: line 1 column 1 (char 0)
[2025-10-18T03:07:50.775+0000] {drought_data_collector.py:158} WARNING -     ⚠️ South Carolina: No data
[2025-10-18T03:07:50.776+0000] {drought_data_collector.py:148} INFO -   Fetching South Dakota...
[2025-10-18T03:07:51.773+0000] {drought_data_collector.py:122} ERROR -   ❌ South Dakota: Expecting value: line 1 column 1 (char 0)
[2025-10-18T03:07:51.774+0000] {drought_data_collector.py:158} WARNING -     ⚠️ South Dakota: No data
[2025-10-18T03:07:51.775+0000] {drought_data_collector.py:148} INFO -   Fetching Tennessee...
[2025-10-18T03:07:52.761+0000] {drought_data_collector.py:122} ERROR -   ❌ Tennessee: Expecting value: line 1 column 1 (char 0)
[2025-10-18T03:07:52.766+0000] {drought_data_collector.py:158} WARNING -     ⚠️ Tennessee: No data
[2025-10-18T03:07:52.768+0000] {drought_data_collector.py:148} INFO -   Fetching Texas...
[2025-10-18T03:07:53.662+0000] {drought_data_collector.py:122} ERROR -   ❌ Texas: Expecting value: line 1 column 1 (char 0)
[2025-10-18T03:07:53.668+0000] {drought_data_collector.py:158} WARNING -     ⚠️ Texas: No data
[2025-10-18T03:07:53.669+0000] {drought_data_collector.py:148} INFO -   Fetching Utah...
[2025-10-18T03:07:54.604+0000] {drought_data_collector.py:122} ERROR -   ❌ Utah: Expecting value: line 1 column 1 (char 0)
[2025-10-18T03:07:54.606+0000] {drought_data_collector.py:158} WARNING -     ⚠️ Utah: No data
[2025-10-18T03:07:54.607+0000] {drought_data_collector.py:148} INFO -   Fetching Vermont...
[2025-10-18T03:07:55.543+0000] {drought_data_collector.py:122} ERROR -   ❌ Vermont: Expecting value: line 1 column 1 (char 0)
[2025-10-18T03:07:55.547+0000] {drought_data_collector.py:158} WARNING -     ⚠️ Vermont: No data
[2025-10-18T03:07:55.549+0000] {drought_data_collector.py:148} INFO -   Fetching Virginia...
[2025-10-18T03:07:56.436+0000] {drought_data_collector.py:122} ERROR -   ❌ Virginia: Expecting value: line 1 column 1 (char 0)
[2025-10-18T03:07:56.441+0000] {drought_data_collector.py:158} WARNING -     ⚠️ Virginia: No data
[2025-10-18T03:07:56.442+0000] {drought_data_collector.py:148} INFO -   Fetching Washington...
[2025-10-18T03:07:57.526+0000] {drought_data_collector.py:122} ERROR -   ❌ Washington: Expecting value: line 1 column 1 (char 0)
[2025-10-18T03:07:57.529+0000] {drought_data_collector.py:158} WARNING -     ⚠️ Washington: No data
[2025-10-18T03:07:57.530+0000] {drought_data_collector.py:148} INFO -   Fetching West Virginia...
[2025-10-18T03:07:58.548+0000] {drought_data_collector.py:122} ERROR -   ❌ West Virginia: Expecting value: line 1 column 1 (char 0)
[2025-10-18T03:07:58.550+0000] {drought_data_collector.py:158} WARNING -     ⚠️ West Virginia: No data
[2025-10-18T03:07:58.551+0000] {drought_data_collector.py:148} INFO -   Fetching Wisconsin...
[2025-10-18T03:07:59.567+0000] {drought_data_collector.py:122} ERROR -   ❌ Wisconsin: Expecting value: line 1 column 1 (char 0)
[2025-10-18T03:07:59.568+0000] {drought_data_collector.py:158} WARNING -     ⚠️ Wisconsin: No data
[2025-10-18T03:07:59.568+0000] {drought_data_collector.py:148} INFO -   Fetching Wyoming...
[2025-10-18T03:08:00.496+0000] {drought_data_collector.py:122} ERROR -   ❌ Wyoming: Expecting value: line 1 column 1 (char 0)
[2025-10-18T03:08:00.500+0000] {drought_data_collector.py:158} WARNING -     ⚠️ Wyoming: No data
[2025-10-18T03:08:00.502+0000] {drought_data_collector.py:217} ERROR - ❌ No drought data collected from API
[2025-10-18T03:08:00.502+0000] {drought_data_collector.py:218} INFO - ⚠️ Generating fallback drought data with neutral values
[2025-10-18T03:08:00.511+0000] {drought_data_collector.py:239} INFO - ✅ Saved 50 fallback records to /opt/***/data/raw/2025/drought_2025.csv
[2025-10-18T03:08:00.530+0000] {agricultural_sri_pipeline.py:160} INFO - ✅ Fetched drought data for 50 states
[2025-10-18T03:08:00.531+0000] {python.py:194} INFO - Done. Returned value was: {'success': True, 'file_path': '/opt/***/data/raw/2025/drought_2025.csv', 'records': 50, 'states': 50, 'fallback_data': True, 'stats': {'year': 2025, 'states': {'Alabama': 1, 'Alaska': 1, 'Arizona': 1, 'Arkansas': 1, 'California': 1, 'Colorado': 1, 'Connecticut': 1, 'Delaware': 1, 'Florida': 1, 'Georgia': 1, 'Hawaii': 1, 'Idaho': 1, 'Illinois': 1, 'Indiana': 1, 'Iowa': 1, 'Kansas': 1, 'Kentucky': 1, 'Louisiana': 1, 'Maine': 1, 'Maryland': 1, 'Massachusetts': 1, 'Michigan': 1, 'Minnesota': 1, 'Mississippi': 1, 'Missouri': 1, 'Montana': 1, 'Nebraska': 1, 'Nevada': 1, 'New Hampshire': 1, 'New Jersey': 1, 'New Mexico': 1, 'New York': 1, 'North Carolina': 1, 'North Dakota': 1, 'Ohio': 1, 'Oklahoma': 1, 'Oregon': 1, 'Pennsylvania': 1, 'Rhode Island': 1, 'South Carolina': 1, 'South Dakota': 1, 'Tennessee': 1, 'Texas': 1, 'Utah': 1, 'Vermont': 1, 'Virginia': 1, 'Washington': 1, 'West Virginia': 1, 'Wisconsin': 1, 'Wyoming': 1}, 'total_records': 50, 'total_states': 50}}
[2025-10-18T03:08:00.542+0000] {taskinstance.py:1400} INFO - Marking task as SUCCESS. dag_id=agricultural_sri_annual_report, task_id=data_collection.fetch_drought, execution_date=20251018T023124, start_date=20251018T030711, end_date=20251018T030800
[2025-10-18T03:08:00.576+0000] {local_task_job_runner.py:228} INFO - Task exited with return code 0
[2025-10-18T03:08:00.593+0000] {taskinstance.py:2778} INFO - 0 downstream tasks scheduled from follow-on schedule check
