[2025-10-18T04:14:30.309+0000] {taskinstance.py:1159} INFO - Dependencies all met for dep_context=non-requeueable deps ti=<TaskInstance: agricultural_sri_annual_report.sri_calculation.compare_with_previous_year manual__2025-10-18T02:31:24.144743+00:00 [queued]>
[2025-10-18T04:14:30.315+0000] {taskinstance.py:1159} INFO - Dependencies all met for dep_context=requeueable deps ti=<TaskInstance: agricultural_sri_annual_report.sri_calculation.compare_with_previous_year manual__2025-10-18T02:31:24.144743+00:00 [queued]>
[2025-10-18T04:14:30.316+0000] {taskinstance.py:1361} INFO - Starting attempt 1 of 3
[2025-10-18T04:14:30.323+0000] {taskinstance.py:1382} INFO - Executing <Task(PythonOperator): sri_calculation.compare_with_previous_year> on 2025-10-18 02:31:24.144743+00:00
[2025-10-18T04:14:30.328+0000] {standard_task_runner.py:57} INFO - Started process 836 to run task
[2025-10-18T04:14:30.330+0000] {standard_task_runner.py:84} INFO - Running: ['***', 'tasks', 'run', 'agricultural_sri_annual_report', 'sri_calculation.compare_with_previous_year', 'manual__2025-10-18T02:31:24.144743+00:00', '--job-id', '24', '--raw', '--subdir', 'DAGS_FOLDER/agricultural_sri_pipeline.py', '--cfg-path', '/tmp/tmp_pt67inn']
[2025-10-18T04:14:30.331+0000] {standard_task_runner.py:85} INFO - Job 24: Subtask sri_calculation.compare_with_previous_year
[2025-10-18T04:14:30.360+0000] {task_command.py:416} INFO - Running <TaskInstance: agricultural_sri_annual_report.sri_calculation.compare_with_previous_year manual__2025-10-18T02:31:24.144743+00:00 [running]> on host 4e2b74bc69c8
[2025-10-18T04:14:30.399+0000] {taskinstance.py:1662} INFO - Exporting env vars: AIRFLOW_CTX_DAG_EMAIL='alerts@agcompany.com' AIRFLOW_CTX_DAG_OWNER='agricultural_risk_team' AIRFLOW_CTX_DAG_ID='agricultural_sri_annual_report' AIRFLOW_CTX_TASK_ID='sri_calculation.compare_with_previous_year' AIRFLOW_CTX_EXECUTION_DATE='2025-10-18T02:31:24.144743+00:00' AIRFLOW_CTX_TRY_NUMBER='1' AIRFLOW_CTX_DAG_RUN_ID='manual__2025-10-18T02:31:24.144743+00:00'
[2025-10-18T04:14:30.620+0000] {taskinstance.py:1937} ERROR - Task failed with exception
Traceback (most recent call last):
  File "/home/airflow/.local/lib/python3.10/site-packages/airflow/operators/python.py", line 192, in execute
    return_value = self.execute_callable()
  File "/home/airflow/.local/lib/python3.10/site-packages/airflow/operators/python.py", line 209, in execute_callable
    return self.python_callable(*self.op_args, **self.op_kwargs)
  File "/opt/airflow/dags/agricultural_sri_pipeline.py", line 369, in compare_with_previous_year
    from sri_comparator import compare_years
ImportError: cannot import name 'compare_years' from 'sri_comparator' (/opt/airflow/dags/scripts/models/sri_comparator.py)
[2025-10-18T04:14:30.627+0000] {taskinstance.py:1400} INFO - Marking task as UP_FOR_RETRY. dag_id=agricultural_sri_annual_report, task_id=sri_calculation.compare_with_previous_year, execution_date=20251018T023124, start_date=20251018T041430, end_date=20251018T041430
[2025-10-18T04:14:30.636+0000] {standard_task_runner.py:104} ERROR - Failed to execute job 24 for task sri_calculation.compare_with_previous_year (cannot import name 'compare_years' from 'sri_comparator' (/opt/airflow/dags/scripts/models/sri_comparator.py); 836)
[2025-10-18T04:14:30.648+0000] {local_task_job_runner.py:228} INFO - Task exited with return code 1
[2025-10-18T04:14:30.661+0000] {taskinstance.py:2778} INFO - 0 downstream tasks scheduled from follow-on schedule check
