[2025-10-18T05:29:53.655+0000] {taskinstance.py:1159} INFO - Dependencies all met for dep_context=non-requeueable deps ti=<TaskInstance: agricultural_sri_annual_report.data_collection.fetch_weather manual__2025-10-18T05:15:56.805419+00:00 [queued]>
[2025-10-18T05:29:53.664+0000] {taskinstance.py:1159} INFO - Dependencies all met for dep_context=requeueable deps ti=<TaskInstance: agricultural_sri_annual_report.data_collection.fetch_weather manual__2025-10-18T05:15:56.805419+00:00 [queued]>
[2025-10-18T05:29:53.664+0000] {taskinstance.py:1361} INFO - Starting attempt 1 of 3
[2025-10-18T05:29:53.674+0000] {taskinstance.py:1382} INFO - Executing <Task(PythonOperator): data_collection.fetch_weather> on 2025-10-18 05:15:56.805419+00:00
[2025-10-18T05:29:53.679+0000] {standard_task_runner.py:57} INFO - Started process 754 to run task
[2025-10-18T05:29:53.680+0000] {standard_task_runner.py:84} INFO - Running: ['***', 'tasks', 'run', 'agricultural_sri_annual_report', 'data_collection.fetch_weather', 'manual__2025-10-18T05:15:56.805419+00:00', '--job-id', '96', '--raw', '--subdir', 'DAGS_FOLDER/agricultural_sri_pipeline.py', '--cfg-path', '/tmp/tmpru7p0xid']
[2025-10-18T05:29:53.681+0000] {standard_task_runner.py:85} INFO - Job 96: Subtask data_collection.fetch_weather
[2025-10-18T05:29:53.703+0000] {task_command.py:416} INFO - Running <TaskInstance: agricultural_sri_annual_report.data_collection.fetch_weather manual__2025-10-18T05:15:56.805419+00:00 [running]> on host 4e2b74bc69c8
[2025-10-18T05:29:53.833+0000] {taskinstance.py:1662} INFO - Exporting env vars: AIRFLOW_CTX_DAG_EMAIL='alerts@agcompany.com' AIRFLOW_CTX_DAG_OWNER='agricultural_risk_team' AIRFLOW_CTX_DAG_ID='agricultural_sri_annual_report' AIRFLOW_CTX_TASK_ID='data_collection.fetch_weather' AIRFLOW_CTX_EXECUTION_DATE='2025-10-18T05:15:56.805419+00:00' AIRFLOW_CTX_TRY_NUMBER='1' AIRFLOW_CTX_DAG_RUN_ID='manual__2025-10-18T05:15:56.805419+00:00'
[2025-10-18T05:29:54.066+0000] {warnings.py:109} WARNING - /home/***/.local/lib/python3.10/site-packages/***/utils/context.py:314: AirflowContextDeprecationWarning: Accessing 'execution_date' from the template is deprecated and will be removed in a future version. Please use 'data_interval_start' or 'logical_date' instead.
  warnings.warn(_create_deprecation_warning(k, replacements))

[2025-10-18T05:29:54.066+0000] {agricultural_sri_pipeline.py:129} INFO - 🌦️ Fetching weather data for 2025
[2025-10-18T05:29:54.066+0000] {weather_data_collector.py:169} INFO - 🌤️  Fetching weather data for 2025
[2025-10-18T05:29:54.066+0000] {weather_data_collector.py:185} WARNING - ⚠️ No Visual Crossing API key provided - using fallback data
[2025-10-18T05:29:54.067+0000] {weather_data_collector.py:244} ERROR - ❌ No weather data collected from API
[2025-10-18T05:29:54.067+0000] {weather_data_collector.py:245} INFO - ⚠️ Generating fallback weather data with typical growing season values
[2025-10-18T05:29:54.069+0000] {weather_data_collector.py:268} INFO - ✅ Saved 50 fallback weather records to /opt/***/data/raw/2025/weather_2025.csv
[2025-10-18T05:29:54.079+0000] {agricultural_sri_pipeline.py:139} INFO - ✅ Fetched weather data for 50 states
[2025-10-18T05:29:54.079+0000] {python.py:194} INFO - Done. Returned value was: {'success': True, 'file_path': '/opt/***/data/raw/2025/weather_2025.csv', 'records': 50, 'states': 50, 'fallback_data': True, 'stats': {'year': 2025, 'states': {'Alabama': 1, 'Alaska': 1, 'Arizona': 1, 'Arkansas': 1, 'California': 1, 'Colorado': 1, 'Connecticut': 1, 'Delaware': 1, 'Florida': 1, 'Georgia': 1, 'Hawaii': 1, 'Idaho': 1, 'Illinois': 1, 'Indiana': 1, 'Iowa': 1, 'Kansas': 1, 'Kentucky': 1, 'Louisiana': 1, 'Maine': 1, 'Maryland': 1, 'Massachusetts': 1, 'Michigan': 1, 'Minnesota': 1, 'Mississippi': 1, 'Missouri': 1, 'Montana': 1, 'Nebraska': 1, 'Nevada': 1, 'New Hampshire': 1, 'New Jersey': 1, 'New Mexico': 1, 'New York': 1, 'North Carolina': 1, 'North Dakota': 1, 'Ohio': 1, 'Oklahoma': 1, 'Oregon': 1, 'Pennsylvania': 1, 'Rhode Island': 1, 'South Carolina': 1, 'South Dakota': 1, 'Tennessee': 1, 'Texas': 1, 'Utah': 1, 'Vermont': 1, 'Virginia': 1, 'Washington': 1, 'West Virginia': 1, 'Wisconsin': 1, 'Wyoming': 1}, 'total_records': 50, 'total_states': 50}}
[2025-10-18T05:29:54.087+0000] {taskinstance.py:1400} INFO - Marking task as SUCCESS. dag_id=agricultural_sri_annual_report, task_id=data_collection.fetch_weather, execution_date=20251018T051556, start_date=20251018T052953, end_date=20251018T052954
[2025-10-18T05:29:54.108+0000] {local_task_job_runner.py:228} INFO - Task exited with return code 0
[2025-10-18T05:29:54.119+0000] {taskinstance.py:2778} INFO - 0 downstream tasks scheduled from follow-on schedule check
