[2025-10-18T04:57:23.648+0000] {taskinstance.py:1159} INFO - Dependencies all met for dep_context=non-requeueable deps ti=<TaskInstance: agricultural_sri_annual_report.distribution.send_email_alerts manual__2025-10-18T02:31:24.144743+00:00 [queued]>
[2025-10-18T04:57:23.652+0000] {taskinstance.py:1159} INFO - Dependencies all met for dep_context=requeueable deps ti=<TaskInstance: agricultural_sri_annual_report.distribution.send_email_alerts manual__2025-10-18T02:31:24.144743+00:00 [queued]>
[2025-10-18T04:57:23.653+0000] {taskinstance.py:1361} INFO - Starting attempt 3 of 5
[2025-10-18T04:57:23.658+0000] {taskinstance.py:1382} INFO - Executing <Task(EmailOperator): distribution.send_email_alerts> on 2025-10-18 02:31:24.144743+00:00
[2025-10-18T04:57:23.661+0000] {standard_task_runner.py:57} INFO - Started process 142 to run task
[2025-10-18T04:57:23.665+0000] {standard_task_runner.py:84} INFO - Running: ['***', 'tasks', 'run', 'agricultural_sri_annual_report', 'distribution.send_email_alerts', 'manual__2025-10-18T02:31:24.144743+00:00', '--job-id', '56', '--raw', '--subdir', 'DAGS_FOLDER/agricultural_sri_pipeline.py', '--cfg-path', '/tmp/tmpqi97pa5z']
[2025-10-18T04:57:23.665+0000] {standard_task_runner.py:85} INFO - Job 56: Subtask distribution.send_email_alerts
[2025-10-18T04:57:23.687+0000] {task_command.py:416} INFO - Running <TaskInstance: agricultural_sri_annual_report.distribution.send_email_alerts manual__2025-10-18T02:31:24.144743+00:00 [running]> on host 4e2b74bc69c8
[2025-10-18T04:57:23.704+0000] {warnings.py:109} WARNING - /home/***/.local/lib/python3.10/site-packages/***/utils/context.py:206: AirflowContextDeprecationWarning: Accessing 'execution_date' from the template is deprecated and will be removed in a future version. Please use 'data_interval_start' or 'logical_date' instead.
  warnings.warn(_create_deprecation_warning(key, self._deprecation_replacements[key]))

[2025-10-18T04:57:23.725+0000] {taskinstance.py:1662} INFO - Exporting env vars: AIRFLOW_CTX_DAG_EMAIL='alerts@agcompany.com' AIRFLOW_CTX_DAG_OWNER='agricultural_risk_team' AIRFLOW_CTX_DAG_ID='agricultural_sri_annual_report' AIRFLOW_CTX_TASK_ID='distribution.send_email_alerts' AIRFLOW_CTX_EXECUTION_DATE='2025-10-18T02:31:24.144743+00:00' AIRFLOW_CTX_TRY_NUMBER='3' AIRFLOW_CTX_DAG_RUN_ID='manual__2025-10-18T02:31:24.144743+00:00'
[2025-10-18T04:57:23.729+0000] {warnings.py:109} WARNING - /home/***/.local/lib/python3.10/site-packages/***/utils/email.py:154: RemovedInAirflow3Warning: Fetching SMTP credentials from configuration variables will be deprecated in a future release. Please set credentials using a connection instead.
  send_mime_email(e_from=mail_from, e_to=recipients, mime_msg=msg, conn_id=conn_id, dryrun=dryrun)

[2025-10-18T04:57:23.730+0000] {email.py:270} INFO - Email alerting: attempt 1
[2025-10-18T04:57:25.712+0000] {taskinstance.py:1937} ERROR - Task failed with exception
Traceback (most recent call last):
  File "/home/airflow/.local/lib/python3.10/site-packages/airflow/operators/email.py", line 77, in execute
    send_email(
  File "/home/airflow/.local/lib/python3.10/site-packages/airflow/utils/email.py", line 80, in send_email
    return backend(
  File "/home/airflow/.local/lib/python3.10/site-packages/airflow/utils/email.py", line 154, in send_email_smtp
    send_mime_email(e_from=mail_from, e_to=recipients, mime_msg=msg, conn_id=conn_id, dryrun=dryrun)
  File "/home/airflow/.local/lib/python3.10/site-packages/airflow/utils/email.py", line 280, in send_mime_email
    smtp_conn.login(smtp_user, smtp_password)
  File "/usr/local/lib/python3.10/smtplib.py", line 750, in login
    raise last_exception
  File "/usr/local/lib/python3.10/smtplib.py", line 739, in login
    (code, resp) = self.auth(
  File "/usr/local/lib/python3.10/smtplib.py", line 662, in auth
    raise SMTPAuthenticationError(code, resp)
smtplib.SMTPAuthenticationError: (535, b'5.7.8 Username and Password not accepted. For more information, go to\n5.7.8  https://support.google.com/mail/?p=BadCredentials 98e67ed59e1d1-33d5ddeb09csm1229740a91.2 - gsmtp')
[2025-10-18T04:57:25.728+0000] {taskinstance.py:1400} INFO - Marking task as UP_FOR_RETRY. dag_id=agricultural_sri_annual_report, task_id=distribution.send_email_alerts, execution_date=20251018T023124, start_date=20251018T045723, end_date=20251018T045725
[2025-10-18T04:57:25.740+0000] {standard_task_runner.py:104} ERROR - Failed to execute job 56 for task distribution.send_email_alerts ((535, b'5.7.8 Username and Password not accepted. For more information, go to\n5.7.8  https://support.google.com/mail/?p=BadCredentials 98e67ed59e1d1-33d5ddeb09csm1229740a91.2 - gsmtp'); 142)
[2025-10-18T04:57:25.747+0000] {local_task_job_runner.py:228} INFO - Task exited with return code 1
[2025-10-18T04:57:25.765+0000] {taskinstance.py:2778} INFO - 0 downstream tasks scheduled from follow-on schedule check
