[2025-10-18T03:42:37.095+0000] {taskinstance.py:1159} INFO - Dependencies all met for dep_context=non-requeueable deps ti=<TaskInstance: agricultural_sri_annual_report.data_processing.clean_and_merge manual__2025-10-18T02:31:24.144743+00:00 [queued]>
[2025-10-18T03:42:37.101+0000] {taskinstance.py:1159} INFO - Dependencies all met for dep_context=requeueable deps ti=<TaskInstance: agricultural_sri_annual_report.data_processing.clean_and_merge manual__2025-10-18T02:31:24.144743+00:00 [queued]>
[2025-10-18T03:42:37.101+0000] {taskinstance.py:1361} INFO - Starting attempt 1 of 3
[2025-10-18T03:42:37.107+0000] {taskinstance.py:1382} INFO - Executing <Task(PythonOperator): data_processing.clean_and_merge> on 2025-10-18 02:31:24.144743+00:00
[2025-10-18T03:42:37.109+0000] {standard_task_runner.py:57} INFO - Started process 317 to run task
[2025-10-18T03:42:37.112+0000] {standard_task_runner.py:84} INFO - Running: ['***', 'tasks', 'run', 'agricultural_sri_annual_report', 'data_processing.clean_and_merge', 'manual__2025-10-18T02:31:24.144743+00:00', '--job-id', '20', '--raw', '--subdir', 'DAGS_FOLDER/agricultural_sri_pipeline.py', '--cfg-path', '/tmp/tmpak2c1w4w']
[2025-10-18T03:42:37.112+0000] {standard_task_runner.py:85} INFO - Job 20: Subtask data_processing.clean_and_merge
[2025-10-18T03:42:37.137+0000] {task_command.py:416} INFO - Running <TaskInstance: agricultural_sri_annual_report.data_processing.clean_and_merge manual__2025-10-18T02:31:24.144743+00:00 [running]> on host 4e2b74bc69c8
[2025-10-18T03:42:37.173+0000] {taskinstance.py:1662} INFO - Exporting env vars: AIRFLOW_CTX_DAG_EMAIL='alerts@agcompany.com' AIRFLOW_CTX_DAG_OWNER='agricultural_risk_team' AIRFLOW_CTX_DAG_ID='agricultural_sri_annual_report' AIRFLOW_CTX_TASK_ID='data_processing.clean_and_merge' AIRFLOW_CTX_EXECUTION_DATE='2025-10-18T02:31:24.144743+00:00' AIRFLOW_CTX_TRY_NUMBER='1' AIRFLOW_CTX_DAG_RUN_ID='manual__2025-10-18T02:31:24.144743+00:00'
[2025-10-18T03:42:37.402+0000] {warnings.py:109} WARNING - /home/***/.local/lib/python3.10/site-packages/***/utils/context.py:314: AirflowContextDeprecationWarning: Accessing 'execution_date' from the template is deprecated and will be removed in a future version. Please use 'data_interval_start' or 'logical_date' instead.
  warnings.warn(_create_deprecation_warning(k, replacements))

[2025-10-18T03:42:37.402+0000] {agricultural_sri_pipeline.py:256} INFO - 🔧 Merging datasets for 2025
[2025-10-18T03:42:37.419+0000] {data_merger.py:44} INFO - 🔗 Merging all datasets...
[2025-10-18T03:42:37.419+0000] {data_merger.py:48} INFO -   Loading datasets...
[2025-10-18T03:42:37.423+0000] {data_merger.py:54} INFO -     Crop: 380 records
[2025-10-18T03:42:37.424+0000] {data_merger.py:55} INFO -     Weather: 50 records
[2025-10-18T03:42:37.424+0000] {data_merger.py:56} INFO -     Drought: 50 records
[2025-10-18T03:42:37.424+0000] {data_merger.py:57} INFO -     Economic: 3 records
[2025-10-18T03:42:37.425+0000] {data_merger.py:69} INFO -   Merging datasets...
[2025-10-18T03:42:37.427+0000] {data_merger.py:80} INFO -     After weather merge: 380 records
[2025-10-18T03:42:37.427+0000] {data_merger.py:90} INFO -     After drought merge: 380 records
[2025-10-18T03:42:37.429+0000] {data_merger.py:100} INFO -     After economic merge: 380 records
[2025-10-18T03:42:37.429+0000] {data_merger.py:103} INFO -   Checking data completeness...
[2025-10-18T03:42:37.429+0000] {data_merger.py:122} WARNING -     ⚠️ avg_temp: 380 missing (100.0%)
[2025-10-18T03:42:37.429+0000] {data_merger.py:122} WARNING -     ⚠️ total_precip: 380 missing (100.0%)
[2025-10-18T03:42:37.430+0000] {data_merger.py:122} WARNING -     ⚠️ total_gdd: 380 missing (100.0%)
[2025-10-18T03:42:37.430+0000] {data_merger.py:122} WARNING -     ⚠️ avg_dsci: 380 missing (100.0%)
[2025-10-18T03:42:37.430+0000] {data_merger.py:127} INFO -   Handling missing values...
[2025-10-18T03:42:37.432+0000] {data_merger.py:154} INFO -   Creating derived features...
[2025-10-18T03:42:37.438+0000] {data_merger.py:195} INFO - ✅ Merged data saved to /opt/***/data/processed/2025/merged_data_2025.csv
[2025-10-18T03:42:37.439+0000] {data_merger.py:196} INFO -    Final dataset: 380 records, 39 states, 3 commodities
[2025-10-18T03:42:37.450+0000] {agricultural_sri_pipeline.py:278} INFO - ✅ Merged 380 records
[2025-10-18T03:42:37.450+0000] {python.py:194} INFO - Done. Returned value was: {'success': True, 'file_path': '/opt/***/data/processed/2025/merged_data_2025.csv', 'records': 380, 'stats': {'year': 2025, 'total_records': 380, 'states': 39, 'commodities': 3, 'columns': ['year', 'state_name', 'yield_per_acre', 'commodity', 'avg_temp', 'max_temp', 'min_temp', 'total_precip', 'total_gdd', 'avg_humidity', 'DSCI', 'avg_dsci', 'drought_category', 'D0', 'D1', 'D2', 'D3', 'D4', 'None', 'price_index', 'supply_risk_score', 'yield_zscore', 'temp_stress', 'precip_deficit'], 'completeness': {'yield_per_acre': 100.0, 'avg_temp': 0.0, 'total_precip': 0.0, 'total_gdd': 0.0, 'avg_dsci': 100.0, 'price_index': 100.0}}}
[2025-10-18T03:42:37.459+0000] {taskinstance.py:1400} INFO - Marking task as SUCCESS. dag_id=agricultural_sri_annual_report, task_id=data_processing.clean_and_merge, execution_date=20251018T023124, start_date=20251018T034237, end_date=20251018T034237
[2025-10-18T03:42:37.498+0000] {local_task_job_runner.py:228} INFO - Task exited with return code 0
[2025-10-18T03:42:37.513+0000] {taskinstance.py:2778} INFO - 1 downstream tasks scheduled from follow-on schedule check
