[2025-10-18T05:27:36.700+0000] {taskinstance.py:1159} INFO - Dependencies all met for dep_context=non-requeueable deps ti=<TaskInstance: agricultural_sri_annual_report.data_collection.fetch_crop_yield manual__2025-10-18T04:58:42.887469+00:00 [queued]>
[2025-10-18T05:27:36.706+0000] {taskinstance.py:1159} INFO - Dependencies all met for dep_context=requeueable deps ti=<TaskInstance: agricultural_sri_annual_report.data_collection.fetch_crop_yield manual__2025-10-18T04:58:42.887469+00:00 [queued]>
[2025-10-18T05:27:36.706+0000] {taskinstance.py:1361} INFO - Starting attempt 1 of 3
[2025-10-18T05:27:36.713+0000] {taskinstance.py:1382} INFO - Executing <Task(PythonOperator): data_collection.fetch_crop_yield> on 2025-10-18 04:58:42.887469+00:00
[2025-10-18T05:27:36.718+0000] {standard_task_runner.py:57} INFO - Started process 556 to run task
[2025-10-18T05:27:36.721+0000] {standard_task_runner.py:84} INFO - Running: ['***', 'tasks', 'run', 'agricultural_sri_annual_report', 'data_collection.fetch_crop_yield', 'manual__2025-10-18T04:58:42.887469+00:00', '--job-id', '63', '--raw', '--subdir', 'DAGS_FOLDER/agricultural_sri_pipeline.py', '--cfg-path', '/tmp/tmpdlsw9ufj']
[2025-10-18T05:27:36.722+0000] {standard_task_runner.py:85} INFO - Job 63: Subtask data_collection.fetch_crop_yield
[2025-10-18T05:27:36.745+0000] {task_command.py:416} INFO - Running <TaskInstance: agricultural_sri_annual_report.data_collection.fetch_crop_yield manual__2025-10-18T04:58:42.887469+00:00 [running]> on host 4e2b74bc69c8
[2025-10-18T05:27:36.780+0000] {taskinstance.py:1662} INFO - Exporting env vars: AIRFLOW_CTX_DAG_EMAIL='alerts@agcompany.com' AIRFLOW_CTX_DAG_OWNER='agricultural_risk_team' AIRFLOW_CTX_DAG_ID='agricultural_sri_annual_report' AIRFLOW_CTX_TASK_ID='data_collection.fetch_crop_yield' AIRFLOW_CTX_EXECUTION_DATE='2025-10-18T04:58:42.887469+00:00' AIRFLOW_CTX_TRY_NUMBER='1' AIRFLOW_CTX_DAG_RUN_ID='manual__2025-10-18T04:58:42.887469+00:00'
[2025-10-18T05:27:37.014+0000] {warnings.py:109} WARNING - /home/***/.local/lib/python3.10/site-packages/***/utils/context.py:314: AirflowContextDeprecationWarning: Accessing 'execution_date' from the template is deprecated and will be removed in a future version. Please use 'data_interval_start' or 'logical_date' instead.
  warnings.warn(_create_deprecation_warning(k, replacements))

[2025-10-18T05:27:37.014+0000] {agricultural_sri_pipeline.py:108} INFO - 📊 Fetching crop yield data for 2025
[2025-10-18T05:27:37.015+0000] {crop_data_collector.py:33} INFO - 🌾 Fetching crop yield data for 2025
[2025-10-18T05:27:37.015+0000] {crop_data_collector.py:47} INFO -   Fetching CORN...
[2025-10-18T05:27:38.579+0000] {crop_data_collector.py:95} INFO -     ✓ CORN: 93 records
[2025-10-18T05:27:38.580+0000] {crop_data_collector.py:47} INFO -   Fetching SOYBEANS...
[2025-10-18T05:27:40.005+0000] {crop_data_collector.py:95} INFO -     ✓ SOYBEANS: 87 records
[2025-10-18T05:27:40.005+0000] {crop_data_collector.py:47} INFO -   Fetching WHEAT...
[2025-10-18T05:27:41.719+0000] {crop_data_collector.py:95} INFO -     ✓ WHEAT: 200 records
[2025-10-18T05:27:41.723+0000] {crop_data_collector.py:124} INFO - ✅ Saved 380 records to /opt/***/data/raw/2025/crop_yield_2025.csv
[2025-10-18T05:27:41.732+0000] {agricultural_sri_pipeline.py:118} INFO - ✅ Fetched 380 crop yield records
[2025-10-18T05:27:41.733+0000] {python.py:194} INFO - Done. Returned value was: {'success': True, 'file_path': '/opt/***/data/raw/2025/crop_yield_2025.csv', 'records': 380, 'stats': {'year': 2025, 'commodities': {'CORN': 93, 'SOYBEANS': 87, 'WHEAT': 200}, 'total_records': 380, 'states': 39}}
[2025-10-18T05:27:41.739+0000] {taskinstance.py:1400} INFO - Marking task as SUCCESS. dag_id=agricultural_sri_annual_report, task_id=data_collection.fetch_crop_yield, execution_date=20251018T045842, start_date=20251018T052736, end_date=20251018T052741
[2025-10-18T05:27:41.749+0000] {local_task_job_runner.py:228} INFO - Task exited with return code 0
[2025-10-18T05:27:41.760+0000] {taskinstance.py:2778} INFO - 0 downstream tasks scheduled from follow-on schedule check
