[2025-10-18T05:29:53.673+0000] {taskinstance.py:1159} INFO - Dependencies all met for dep_context=non-requeueable deps ti=<TaskInstance: agricultural_sri_annual_report.data_collection.fetch_economic_indicators manual__2025-10-18T05:15:56.805419+00:00 [queued]>
[2025-10-18T05:29:53.678+0000] {taskinstance.py:1159} INFO - Dependencies all met for dep_context=requeueable deps ti=<TaskInstance: agricultural_sri_annual_report.data_collection.fetch_economic_indicators manual__2025-10-18T05:15:56.805419+00:00 [queued]>
[2025-10-18T05:29:53.679+0000] {taskinstance.py:1361} INFO - Starting attempt 1 of 3
[2025-10-18T05:29:53.684+0000] {taskinstance.py:1382} INFO - Executing <Task(PythonOperator): data_collection.fetch_economic_indicators> on 2025-10-18 05:15:56.805419+00:00
[2025-10-18T05:29:53.687+0000] {standard_task_runner.py:57} INFO - Started process 756 to run task
[2025-10-18T05:29:53.689+0000] {standard_task_runner.py:84} INFO - Running: ['***', 'tasks', 'run', 'agricultural_sri_annual_report', 'data_collection.fetch_economic_indicators', 'manual__2025-10-18T05:15:56.805419+00:00', '--job-id', '98', '--raw', '--subdir', 'DAGS_FOLDER/agricultural_sri_pipeline.py', '--cfg-path', '/tmp/tmpby_5q6rc']
[2025-10-18T05:29:53.690+0000] {standard_task_runner.py:85} INFO - Job 98: Subtask data_collection.fetch_economic_indicators
[2025-10-18T05:29:53.720+0000] {task_command.py:416} INFO - Running <TaskInstance: agricultural_sri_annual_report.data_collection.fetch_economic_indicators manual__2025-10-18T05:15:56.805419+00:00 [running]> on host 4e2b74bc69c8
[2025-10-18T05:29:53.846+0000] {taskinstance.py:1662} INFO - Exporting env vars: AIRFLOW_CTX_DAG_EMAIL='alerts@agcompany.com' AIRFLOW_CTX_DAG_OWNER='agricultural_risk_team' AIRFLOW_CTX_DAG_ID='agricultural_sri_annual_report' AIRFLOW_CTX_TASK_ID='data_collection.fetch_economic_indicators' AIRFLOW_CTX_EXECUTION_DATE='2025-10-18T05:15:56.805419+00:00' AIRFLOW_CTX_TRY_NUMBER='1' AIRFLOW_CTX_DAG_RUN_ID='manual__2025-10-18T05:15:56.805419+00:00'
[2025-10-18T05:29:54.076+0000] {warnings.py:109} WARNING - /home/***/.local/lib/python3.10/site-packages/***/utils/context.py:314: AirflowContextDeprecationWarning: Accessing 'execution_date' from the template is deprecated and will be removed in a future version. Please use 'data_interval_start' or 'logical_date' instead.
  warnings.warn(_create_deprecation_warning(k, replacements))

[2025-10-18T05:29:54.077+0000] {agricultural_sri_pipeline.py:171} INFO - 💰 Fetching economic data for 2025
[2025-10-18T05:29:54.077+0000] {economic_data_collector.py:124} INFO - 💰 Fetching economic data for 2025
[2025-10-18T05:29:54.077+0000] {economic_data_collector.py:135} INFO -   Fetching CORN PSD data...
[2025-10-18T05:29:55.180+0000] {economic_data_collector.py:79} ERROR -   ❌ CORN: HTTP 404
[2025-10-18T05:29:55.186+0000] {economic_data_collector.py:145} WARNING -     ⚠️ CORN: No data
[2025-10-18T05:29:55.188+0000] {economic_data_collector.py:135} INFO -   Fetching SOYBEANS PSD data...
[2025-10-18T05:29:56.228+0000] {economic_data_collector.py:79} ERROR -   ❌ SOYBEANS: HTTP 404
[2025-10-18T05:29:56.232+0000] {economic_data_collector.py:145} WARNING -     ⚠️ SOYBEANS: No data
[2025-10-18T05:29:56.234+0000] {economic_data_collector.py:135} INFO -   Fetching WHEAT PSD data...
[2025-10-18T05:29:57.278+0000] {economic_data_collector.py:79} ERROR -   ❌ WHEAT: HTTP 404
[2025-10-18T05:29:57.283+0000] {economic_data_collector.py:145} WARNING -     ⚠️ WHEAT: No data
[2025-10-18T05:29:57.284+0000] {economic_data_collector.py:149} WARNING -   PSD API data unavailable, creating fallback economic indicators
[2025-10-18T05:29:57.286+0000] {economic_data_collector.py:108} INFO -   Using baseline price indices (production would fetch actual prices)
[2025-10-18T05:29:57.295+0000] {economic_data_collector.py:214} INFO - ✅ Saved 3 commodity records to /opt/***/data/raw/2025/economic_2025.csv
[2025-10-18T05:29:57.307+0000] {agricultural_sri_pipeline.py:180} INFO - ✅ Fetched economic indicators
[2025-10-18T05:29:57.308+0000] {python.py:194} INFO - Done. Returned value was: {'success': True, 'file_path': '/opt/***/data/raw/2025/economic_2025.csv', 'records': 3, 'stats': {'year': 2025, 'commodities': {'CORN': 1, 'SOYBEANS': 1, 'WHEAT': 1}, 'total_records': 3}}
[2025-10-18T05:29:57.321+0000] {taskinstance.py:1400} INFO - Marking task as SUCCESS. dag_id=agricultural_sri_annual_report, task_id=data_collection.fetch_economic_indicators, execution_date=20251018T051556, start_date=20251018T052953, end_date=20251018T052957
[2025-10-18T05:29:57.374+0000] {local_task_job_runner.py:228} INFO - Task exited with return code 0
[2025-10-18T05:29:57.397+0000] {taskinstance.py:2778} INFO - 0 downstream tasks scheduled from follow-on schedule check
