[2025-10-18T05:30:46.108+0000] {taskinstance.py:1159} INFO - Dependencies all met for dep_context=non-requeueable deps ti=<TaskInstance: agricultural_sri_annual_report.report_generation.generate_visualizations manual__2025-10-18T05:15:56.805419+00:00 [queued]>
[2025-10-18T05:30:46.114+0000] {taskinstance.py:1159} INFO - Dependencies all met for dep_context=requeueable deps ti=<TaskInstance: agricultural_sri_annual_report.report_generation.generate_visualizations manual__2025-10-18T05:15:56.805419+00:00 [queued]>
[2025-10-18T05:30:46.116+0000] {taskinstance.py:1361} INFO - Starting attempt 1 of 3
[2025-10-18T05:30:46.123+0000] {taskinstance.py:1382} INFO - Executing <Task(PythonOperator): report_generation.generate_visualizations> on 2025-10-18 05:15:56.805419+00:00
[2025-10-18T05:30:46.125+0000] {standard_task_runner.py:57} INFO - Started process 798 to run task
[2025-10-18T05:30:46.128+0000] {standard_task_runner.py:84} INFO - Running: ['***', 'tasks', 'run', 'agricultural_sri_annual_report', 'report_generation.generate_visualizations', 'manual__2025-10-18T05:15:56.805419+00:00', '--job-id', '106', '--raw', '--subdir', 'DAGS_FOLDER/agricultural_sri_pipeline.py', '--cfg-path', '/tmp/tmpkdwzkmv1']
[2025-10-18T05:30:46.128+0000] {standard_task_runner.py:85} INFO - Job 106: Subtask report_generation.generate_visualizations
[2025-10-18T05:30:46.150+0000] {task_command.py:416} INFO - Running <TaskInstance: agricultural_sri_annual_report.report_generation.generate_visualizations manual__2025-10-18T05:15:56.805419+00:00 [running]> on host 4e2b74bc69c8
[2025-10-18T05:30:46.184+0000] {taskinstance.py:1662} INFO - Exporting env vars: AIRFLOW_CTX_DAG_EMAIL='alerts@agcompany.com' AIRFLOW_CTX_DAG_OWNER='agricultural_risk_team' AIRFLOW_CTX_DAG_ID='agricultural_sri_annual_report' AIRFLOW_CTX_TASK_ID='report_generation.generate_visualizations' AIRFLOW_CTX_EXECUTION_DATE='2025-10-18T05:15:56.805419+00:00' AIRFLOW_CTX_TRY_NUMBER='1' AIRFLOW_CTX_DAG_RUN_ID='manual__2025-10-18T05:15:56.805419+00:00'
[2025-10-18T05:30:46.791+0000] {warnings.py:109} WARNING - /home/***/.local/lib/python3.10/site-packages/***/utils/context.py:314: AirflowContextDeprecationWarning: Accessing 'execution_date' from the template is deprecated and will be removed in a future version. Please use 'data_interval_start' or 'logical_date' instead.
  warnings.warn(_create_deprecation_warning(k, replacements))

[2025-10-18T05:30:46.791+0000] {agricultural_sri_pipeline.py:489} INFO - 📈 Generating visualizations for 2025
[2025-10-18T05:30:46.797+0000] {visualization_generator.py:214} INFO - 📊 Generating visualizations...
[2025-10-18T05:30:46.798+0000] {visualization_generator.py:219} INFO -   Loaded 380 SRI records
[2025-10-18T05:30:47.120+0000] {visualization_generator.py:48} INFO -   ✓ SRI distribution chart saved
[2025-10-18T05:30:47.656+0000] {visualization_generator.py:93} INFO -   ✓ State heatmap saved
[2025-10-18T05:30:47.666+0000] {warnings.py:109} WARNING - /opt/***/dags/scripts/reporters/visualization_generator.py:107: FutureWarning: 

Passing `palette` without assigning `hue` is deprecated and will be removed in v0.14.0. Assign the `x` variable to `hue` and set `legend=False` for the same effect.

  sns.boxplot(data=df, x='commodity', y='SRI', palette='Set2')

[2025-10-18T05:30:47.822+0000] {visualization_generator.py:118} INFO -   ✓ Commodity comparison chart saved
[2025-10-18T05:30:47.970+0000] {visualization_generator.py:164} INFO -   ✓ Risk component breakdown chart saved
[2025-10-18T05:30:48.166+0000] {visualization_generator.py:199} INFO -   ✓ Top states chart saved
[2025-10-18T05:30:48.166+0000] {visualization_generator.py:244} INFO - ✅ Generated 5 visualizations
[2025-10-18T05:30:48.167+0000] {visualization_generator.py:245} INFO -    Saved to: /opt/***/data/reports/2025/visualizations/visualizations
[2025-10-18T05:30:48.172+0000] {agricultural_sri_pipeline.py:502} INFO - ✅ Generated 0 visualizations
[2025-10-18T05:30:48.172+0000] {python.py:194} INFO - Done. Returned value was: {'success': True, 'output_dir': '/opt/***/data/reports/2025/visualizations/visualizations', 'files_generated': 5, 'file_paths': ['/opt/***/data/reports/2025/visualizations/visualizations/sri_distribution_2025.png', '/opt/***/data/reports/2025/visualizations/visualizations/state_heatmap_2025.png', '/opt/***/data/reports/2025/visualizations/visualizations/commodity_comparison_2025.png', '/opt/***/data/reports/2025/visualizations/visualizations/risk_component_breakdown_2025.png', '/opt/***/data/reports/2025/visualizations/visualizations/top_states_2025.png']}
[2025-10-18T05:30:48.180+0000] {taskinstance.py:1400} INFO - Marking task as SUCCESS. dag_id=agricultural_sri_annual_report, task_id=report_generation.generate_visualizations, execution_date=20251018T051556, start_date=20251018T053046, end_date=20251018T053048
[2025-10-18T05:30:48.212+0000] {local_task_job_runner.py:228} INFO - Task exited with return code 0
[2025-10-18T05:30:48.223+0000] {taskinstance.py:2778} INFO - 2 downstream tasks scheduled from follow-on schedule check
