[2025-10-18T03:45:53.923+0000] {taskinstance.py:1159} INFO - Dependencies all met for dep_context=non-requeueable deps ti=<TaskInstance: agricultural_sri_annual_report.sri_calculation.calculate_sri_scores manual__2025-10-18T02:31:24.144743+00:00 [queued]>
[2025-10-18T03:45:53.928+0000] {taskinstance.py:1159} INFO - Dependencies all met for dep_context=requeueable deps ti=<TaskInstance: agricultural_sri_annual_report.sri_calculation.calculate_sri_scores manual__2025-10-18T02:31:24.144743+00:00 [queued]>
[2025-10-18T03:45:53.929+0000] {taskinstance.py:1361} INFO - Starting attempt 2 of 4
[2025-10-18T03:45:53.934+0000] {taskinstance.py:1382} INFO - Executing <Task(PythonOperator): sri_calculation.calculate_sri_scores> on 2025-10-18 02:31:24.144743+00:00
[2025-10-18T03:45:53.936+0000] {standard_task_runner.py:57} INFO - Started process 387 to run task
[2025-10-18T03:45:53.938+0000] {standard_task_runner.py:84} INFO - Running: ['***', 'tasks', 'run', 'agricultural_sri_annual_report', 'sri_calculation.calculate_sri_scores', 'manual__2025-10-18T02:31:24.144743+00:00', '--job-id', '22', '--raw', '--subdir', 'DAGS_FOLDER/agricultural_sri_pipeline.py', '--cfg-path', '/tmp/tmp4ju87lj3']
[2025-10-18T03:45:53.939+0000] {standard_task_runner.py:85} INFO - Job 22: Subtask sri_calculation.calculate_sri_scores
[2025-10-18T03:45:53.964+0000] {task_command.py:416} INFO - Running <TaskInstance: agricultural_sri_annual_report.sri_calculation.calculate_sri_scores manual__2025-10-18T02:31:24.144743+00:00 [running]> on host 4e2b74bc69c8
[2025-10-18T03:45:53.998+0000] {taskinstance.py:1662} INFO - Exporting env vars: AIRFLOW_CTX_DAG_EMAIL='alerts@agcompany.com' AIRFLOW_CTX_DAG_OWNER='agricultural_risk_team' AIRFLOW_CTX_DAG_ID='agricultural_sri_annual_report' AIRFLOW_CTX_TASK_ID='sri_calculation.calculate_sri_scores' AIRFLOW_CTX_EXECUTION_DATE='2025-10-18T02:31:24.144743+00:00' AIRFLOW_CTX_TRY_NUMBER='2' AIRFLOW_CTX_DAG_RUN_ID='manual__2025-10-18T02:31:24.144743+00:00'
[2025-10-18T03:45:54.533+0000] {warnings.py:109} WARNING - /home/***/.local/lib/python3.10/site-packages/***/utils/context.py:314: AirflowContextDeprecationWarning: Accessing 'execution_date' from the template is deprecated and will be removed in a future version. Please use 'data_interval_start' or 'logical_date' instead.
  warnings.warn(_create_deprecation_warning(k, replacements))

[2025-10-18T03:45:54.534+0000] {agricultural_sri_pipeline.py:308} INFO - 📊 Calculating SRI scores for 2025
[2025-10-18T03:45:54.540+0000] {sri_calculator.py:149} INFO - 📊 Calculating Stock Risk Index (SRI)...
[2025-10-18T03:45:54.542+0000] {sri_calculator.py:154} INFO -   Loaded 380 records
[2025-10-18T03:45:54.542+0000] {sri_calculator.py:157} INFO -   Calculating risk components...
[2025-10-18T03:45:54.542+0000] {sri_calculator.py:160} INFO -     ✓ Yield risk calculated
[2025-10-18T03:45:54.544+0000] {sri_calculator.py:163} INFO -     ✓ Weather risk calculated
[2025-10-18T03:45:54.544+0000] {sri_calculator.py:166} INFO -     ✓ Drought risk calculated
[2025-10-18T03:45:54.545+0000] {sri_calculator.py:169} INFO -     ✓ Economic risk calculated
[2025-10-18T03:45:54.545+0000] {sri_calculator.py:172} INFO -   Calculating SRI...
[2025-10-18T03:45:54.553+0000] {sri_calculator.py:264} INFO - ✅ SRI calculated for 380 records
[2025-10-18T03:45:54.554+0000] {sri_calculator.py:265} INFO -    Average SRI: 23.7
[2025-10-18T03:45:54.554+0000] {sri_calculator.py:266} INFO -    High-risk records: 0
[2025-10-18T03:45:54.554+0000] {sri_calculator.py:267} INFO -    Results saved to: /opt/***/data/results/2025/sri_results_2025.csv
[2025-10-18T03:45:54.554+0000] {taskinstance.py:1937} ERROR - Task failed with exception
Traceback (most recent call last):
  File "/home/airflow/.local/lib/python3.10/site-packages/airflow/operators/python.py", line 192, in execute
    return_value = self.execute_callable()
  File "/home/airflow/.local/lib/python3.10/site-packages/airflow/operators/python.py", line 209, in execute_callable
    return self.python_callable(*self.op_args, **self.op_kwargs)
  File "/opt/airflow/dags/agricultural_sri_pipeline.py", line 324, in calculate_sri_scores
    high_risk_states = result['high_risk_states']
KeyError: 'high_risk_states'
[2025-10-18T03:45:54.558+0000] {taskinstance.py:1400} INFO - Marking task as UP_FOR_RETRY. dag_id=agricultural_sri_annual_report, task_id=sri_calculation.calculate_sri_scores, execution_date=20251018T023124, start_date=20251018T034553, end_date=20251018T034554
[2025-10-18T03:45:54.565+0000] {standard_task_runner.py:104} ERROR - Failed to execute job 22 for task sri_calculation.calculate_sri_scores ('high_risk_states'; 387)
[2025-10-18T03:45:54.589+0000] {local_task_job_runner.py:228} INFO - Task exited with return code 1
[2025-10-18T03:45:54.603+0000] {taskinstance.py:2778} INFO - 0 downstream tasks scheduled from follow-on schedule check
