[2025-10-18T05:29:53.672+0000] {taskinstance.py:1159} INFO - Dependencies all met for dep_context=non-requeueable deps ti=<TaskInstance: agricultural_sri_annual_report.data_collection.fetch_drought manual__2025-10-18T05:15:56.805419+00:00 [queued]>
[2025-10-18T05:29:53.677+0000] {taskinstance.py:1159} INFO - Dependencies all met for dep_context=requeueable deps ti=<TaskInstance: agricultural_sri_annual_report.data_collection.fetch_drought manual__2025-10-18T05:15:56.805419+00:00 [queued]>
[2025-10-18T05:29:53.677+0000] {taskinstance.py:1361} INFO - Starting attempt 1 of 3
[2025-10-18T05:29:53.683+0000] {taskinstance.py:1382} INFO - Executing <Task(PythonOperator): data_collection.fetch_drought> on 2025-10-18 05:15:56.805419+00:00
[2025-10-18T05:29:53.686+0000] {standard_task_runner.py:57} INFO - Started process 755 to run task
[2025-10-18T05:29:53.688+0000] {standard_task_runner.py:84} INFO - Running: ['***', 'tasks', 'run', 'agricultural_sri_annual_report', 'data_collection.fetch_drought', 'manual__2025-10-18T05:15:56.805419+00:00', '--job-id', '99', '--raw', '--subdir', 'DAGS_FOLDER/agricultural_sri_pipeline.py', '--cfg-path', '/tmp/tmpdekywikl']
[2025-10-18T05:29:53.689+0000] {standard_task_runner.py:85} INFO - Job 99: Subtask data_collection.fetch_drought
[2025-10-18T05:29:53.716+0000] {task_command.py:416} INFO - Running <TaskInstance: agricultural_sri_annual_report.data_collection.fetch_drought manual__2025-10-18T05:15:56.805419+00:00 [running]> on host 4e2b74bc69c8
[2025-10-18T05:29:53.845+0000] {taskinstance.py:1662} INFO - Exporting env vars: AIRFLOW_CTX_DAG_EMAIL='alerts@agcompany.com' AIRFLOW_CTX_DAG_OWNER='agricultural_risk_team' AIRFLOW_CTX_DAG_ID='agricultural_sri_annual_report' AIRFLOW_CTX_TASK_ID='data_collection.fetch_drought' AIRFLOW_CTX_EXECUTION_DATE='2025-10-18T05:15:56.805419+00:00' AIRFLOW_CTX_TRY_NUMBER='1' AIRFLOW_CTX_DAG_RUN_ID='manual__2025-10-18T05:15:56.805419+00:00'
[2025-10-18T05:29:54.074+0000] {warnings.py:109} WARNING - /home/***/.local/lib/python3.10/site-packages/***/utils/context.py:314: AirflowContextDeprecationWarning: Accessing 'execution_date' from the template is deprecated and will be removed in a future version. Please use 'data_interval_start' or 'logical_date' instead.
  warnings.warn(_create_deprecation_warning(k, replacements))

[2025-10-18T05:29:54.074+0000] {agricultural_sri_pipeline.py:150} INFO - 🌵 Fetching drought data for 2025
[2025-10-18T05:29:54.074+0000] {drought_data_collector.py:137} INFO - 🌵 Fetching drought data for 2025
[2025-10-18T05:29:54.074+0000] {drought_data_collector.py:148} INFO -   Fetching Alabama...
[2025-10-18T05:29:55.034+0000] {drought_data_collector.py:122} ERROR -   ❌ Alabama: Expecting value: line 1 column 1 (char 0)
[2025-10-18T05:29:55.040+0000] {drought_data_collector.py:158} WARNING -     ⚠️ Alabama: No data
[2025-10-18T05:29:55.041+0000] {drought_data_collector.py:148} INFO -   Fetching Alaska...
[2025-10-18T05:29:55.989+0000] {drought_data_collector.py:122} ERROR -   ❌ Alaska: Expecting value: line 1 column 1 (char 0)
[2025-10-18T05:29:55.993+0000] {drought_data_collector.py:158} WARNING -     ⚠️ Alaska: No data
[2025-10-18T05:29:55.995+0000] {drought_data_collector.py:148} INFO -   Fetching Arizona...
[2025-10-18T05:29:56.923+0000] {drought_data_collector.py:122} ERROR -   ❌ Arizona: Expecting value: line 1 column 1 (char 0)
[2025-10-18T05:29:56.928+0000] {drought_data_collector.py:158} WARNING -     ⚠️ Arizona: No data
[2025-10-18T05:29:56.929+0000] {drought_data_collector.py:148} INFO -   Fetching Arkansas...
[2025-10-18T05:29:57.812+0000] {drought_data_collector.py:122} ERROR -   ❌ Arkansas: Expecting value: line 1 column 1 (char 0)
[2025-10-18T05:29:57.818+0000] {drought_data_collector.py:158} WARNING -     ⚠️ Arkansas: No data
[2025-10-18T05:29:57.820+0000] {drought_data_collector.py:148} INFO -   Fetching California...
[2025-10-18T05:29:58.848+0000] {drought_data_collector.py:122} ERROR -   ❌ California: Expecting value: line 1 column 1 (char 0)
[2025-10-18T05:29:58.852+0000] {drought_data_collector.py:158} WARNING -     ⚠️ California: No data
[2025-10-18T05:29:58.854+0000] {drought_data_collector.py:148} INFO -   Fetching Colorado...
[2025-10-18T05:29:59.739+0000] {drought_data_collector.py:122} ERROR -   ❌ Colorado: Expecting value: line 1 column 1 (char 0)
[2025-10-18T05:29:59.744+0000] {drought_data_collector.py:158} WARNING -     ⚠️ Colorado: No data
[2025-10-18T05:29:59.745+0000] {drought_data_collector.py:148} INFO -   Fetching Connecticut...
[2025-10-18T05:30:00.703+0000] {drought_data_collector.py:122} ERROR -   ❌ Connecticut: Expecting value: line 1 column 1 (char 0)
[2025-10-18T05:30:00.708+0000] {drought_data_collector.py:158} WARNING -     ⚠️ Connecticut: No data
[2025-10-18T05:30:00.711+0000] {drought_data_collector.py:148} INFO -   Fetching Delaware...
[2025-10-18T05:30:01.710+0000] {drought_data_collector.py:122} ERROR -   ❌ Delaware: Expecting value: line 1 column 1 (char 0)
[2025-10-18T05:30:01.715+0000] {drought_data_collector.py:158} WARNING -     ⚠️ Delaware: No data
[2025-10-18T05:30:01.716+0000] {drought_data_collector.py:148} INFO -   Fetching Florida...
[2025-10-18T05:30:02.803+0000] {drought_data_collector.py:122} ERROR -   ❌ Florida: Expecting value: line 1 column 1 (char 0)
[2025-10-18T05:30:02.807+0000] {drought_data_collector.py:158} WARNING -     ⚠️ Florida: No data
[2025-10-18T05:30:02.808+0000] {drought_data_collector.py:148} INFO -   Fetching Georgia...
[2025-10-18T05:30:03.847+0000] {drought_data_collector.py:122} ERROR -   ❌ Georgia: Expecting value: line 1 column 1 (char 0)
[2025-10-18T05:30:03.851+0000] {drought_data_collector.py:158} WARNING -     ⚠️ Georgia: No data
[2025-10-18T05:30:03.851+0000] {drought_data_collector.py:148} INFO -   Fetching Hawaii...
[2025-10-18T05:30:04.896+0000] {drought_data_collector.py:122} ERROR -   ❌ Hawaii: Expecting value: line 1 column 1 (char 0)
[2025-10-18T05:30:04.898+0000] {drought_data_collector.py:158} WARNING -     ⚠️ Hawaii: No data
[2025-10-18T05:30:04.899+0000] {drought_data_collector.py:148} INFO -   Fetching Idaho...
[2025-10-18T05:30:05.824+0000] {drought_data_collector.py:122} ERROR -   ❌ Idaho: Expecting value: line 1 column 1 (char 0)
[2025-10-18T05:30:05.830+0000] {drought_data_collector.py:158} WARNING -     ⚠️ Idaho: No data
[2025-10-18T05:30:05.832+0000] {drought_data_collector.py:148} INFO -   Fetching Illinois...
[2025-10-18T05:30:06.729+0000] {drought_data_collector.py:122} ERROR -   ❌ Illinois: Expecting value: line 1 column 1 (char 0)
[2025-10-18T05:30:06.733+0000] {drought_data_collector.py:158} WARNING -     ⚠️ Illinois: No data
[2025-10-18T05:30:06.735+0000] {drought_data_collector.py:148} INFO -   Fetching Indiana...
[2025-10-18T05:30:07.790+0000] {drought_data_collector.py:122} ERROR -   ❌ Indiana: Expecting value: line 1 column 1 (char 0)
[2025-10-18T05:30:07.794+0000] {drought_data_collector.py:158} WARNING -     ⚠️ Indiana: No data
[2025-10-18T05:30:07.795+0000] {drought_data_collector.py:148} INFO -   Fetching Iowa...
[2025-10-18T05:30:08.811+0000] {drought_data_collector.py:122} ERROR -   ❌ Iowa: Expecting value: line 1 column 1 (char 0)
[2025-10-18T05:30:08.812+0000] {drought_data_collector.py:158} WARNING -     ⚠️ Iowa: No data
[2025-10-18T05:30:08.813+0000] {drought_data_collector.py:148} INFO -   Fetching Kansas...
[2025-10-18T05:30:09.751+0000] {drought_data_collector.py:122} ERROR -   ❌ Kansas: Expecting value: line 1 column 1 (char 0)
[2025-10-18T05:30:09.756+0000] {drought_data_collector.py:158} WARNING -     ⚠️ Kansas: No data
[2025-10-18T05:30:09.759+0000] {drought_data_collector.py:148} INFO -   Fetching Kentucky...
[2025-10-18T05:30:10.789+0000] {drought_data_collector.py:122} ERROR -   ❌ Kentucky: Expecting value: line 1 column 1 (char 0)
[2025-10-18T05:30:10.791+0000] {drought_data_collector.py:158} WARNING -     ⚠️ Kentucky: No data
[2025-10-18T05:30:10.792+0000] {drought_data_collector.py:148} INFO -   Fetching Louisiana...
[2025-10-18T05:30:11.712+0000] {drought_data_collector.py:122} ERROR -   ❌ Louisiana: Expecting value: line 1 column 1 (char 0)
[2025-10-18T05:30:11.714+0000] {drought_data_collector.py:158} WARNING -     ⚠️ Louisiana: No data
[2025-10-18T05:30:11.715+0000] {drought_data_collector.py:148} INFO -   Fetching Maine...
[2025-10-18T05:30:12.636+0000] {drought_data_collector.py:122} ERROR -   ❌ Maine: Expecting value: line 1 column 1 (char 0)
[2025-10-18T05:30:12.640+0000] {drought_data_collector.py:158} WARNING -     ⚠️ Maine: No data
[2025-10-18T05:30:12.642+0000] {drought_data_collector.py:148} INFO -   Fetching Maryland...
[2025-10-18T05:30:13.537+0000] {drought_data_collector.py:122} ERROR -   ❌ Maryland: Expecting value: line 1 column 1 (char 0)
[2025-10-18T05:30:13.541+0000] {drought_data_collector.py:158} WARNING -     ⚠️ Maryland: No data
[2025-10-18T05:30:13.543+0000] {drought_data_collector.py:148} INFO -   Fetching Massachusetts...
[2025-10-18T05:30:14.427+0000] {drought_data_collector.py:122} ERROR -   ❌ Massachusetts: Expecting value: line 1 column 1 (char 0)
[2025-10-18T05:30:14.432+0000] {drought_data_collector.py:158} WARNING -     ⚠️ Massachusetts: No data
[2025-10-18T05:30:14.434+0000] {drought_data_collector.py:148} INFO -   Fetching Michigan...
[2025-10-18T05:30:15.382+0000] {drought_data_collector.py:122} ERROR -   ❌ Michigan: Expecting value: line 1 column 1 (char 0)
[2025-10-18T05:30:15.389+0000] {drought_data_collector.py:158} WARNING -     ⚠️ Michigan: No data
[2025-10-18T05:30:15.390+0000] {drought_data_collector.py:148} INFO -   Fetching Minnesota...
[2025-10-18T05:30:16.299+0000] {drought_data_collector.py:122} ERROR -   ❌ Minnesota: Expecting value: line 1 column 1 (char 0)
[2025-10-18T05:30:16.300+0000] {drought_data_collector.py:158} WARNING -     ⚠️ Minnesota: No data
[2025-10-18T05:30:16.300+0000] {drought_data_collector.py:148} INFO -   Fetching Mississippi...
[2025-10-18T05:30:17.201+0000] {drought_data_collector.py:122} ERROR -   ❌ Mississippi: Expecting value: line 1 column 1 (char 0)
[2025-10-18T05:30:17.206+0000] {drought_data_collector.py:158} WARNING -     ⚠️ Mississippi: No data
[2025-10-18T05:30:17.207+0000] {drought_data_collector.py:148} INFO -   Fetching Missouri...
[2025-10-18T05:30:18.102+0000] {drought_data_collector.py:122} ERROR -   ❌ Missouri: Expecting value: line 1 column 1 (char 0)
[2025-10-18T05:30:18.106+0000] {drought_data_collector.py:158} WARNING -     ⚠️ Missouri: No data
[2025-10-18T05:30:18.108+0000] {drought_data_collector.py:148} INFO -   Fetching Montana...
[2025-10-18T05:30:19.062+0000] {drought_data_collector.py:122} ERROR -   ❌ Montana: Expecting value: line 1 column 1 (char 0)
[2025-10-18T05:30:19.067+0000] {drought_data_collector.py:158} WARNING -     ⚠️ Montana: No data
[2025-10-18T05:30:19.068+0000] {drought_data_collector.py:148} INFO -   Fetching Nebraska...
[2025-10-18T05:30:19.968+0000] {drought_data_collector.py:122} ERROR -   ❌ Nebraska: Expecting value: line 1 column 1 (char 0)
[2025-10-18T05:30:19.969+0000] {drought_data_collector.py:158} WARNING -     ⚠️ Nebraska: No data
[2025-10-18T05:30:19.969+0000] {drought_data_collector.py:148} INFO -   Fetching Nevada...
[2025-10-18T05:30:20.871+0000] {drought_data_collector.py:122} ERROR -   ❌ Nevada: Expecting value: line 1 column 1 (char 0)
[2025-10-18T05:30:20.876+0000] {drought_data_collector.py:158} WARNING -     ⚠️ Nevada: No data
[2025-10-18T05:30:20.877+0000] {drought_data_collector.py:148} INFO -   Fetching New Hampshire...
[2025-10-18T05:30:21.778+0000] {drought_data_collector.py:122} ERROR -   ❌ New Hampshire: Expecting value: line 1 column 1 (char 0)
[2025-10-18T05:30:21.782+0000] {drought_data_collector.py:158} WARNING -     ⚠️ New Hampshire: No data
[2025-10-18T05:30:21.783+0000] {drought_data_collector.py:148} INFO -   Fetching New Jersey...
[2025-10-18T05:30:22.724+0000] {drought_data_collector.py:122} ERROR -   ❌ New Jersey: Expecting value: line 1 column 1 (char 0)
[2025-10-18T05:30:22.730+0000] {drought_data_collector.py:158} WARNING -     ⚠️ New Jersey: No data
[2025-10-18T05:30:22.731+0000] {drought_data_collector.py:148} INFO -   Fetching New Mexico...
[2025-10-18T05:30:23.655+0000] {drought_data_collector.py:122} ERROR -   ❌ New Mexico: Expecting value: line 1 column 1 (char 0)
[2025-10-18T05:30:23.657+0000] {drought_data_collector.py:158} WARNING -     ⚠️ New Mexico: No data
[2025-10-18T05:30:23.657+0000] {drought_data_collector.py:148} INFO -   Fetching New York...
[2025-10-18T05:30:24.553+0000] {drought_data_collector.py:122} ERROR -   ❌ New York: Expecting value: line 1 column 1 (char 0)
[2025-10-18T05:30:24.557+0000] {drought_data_collector.py:158} WARNING -     ⚠️ New York: No data
[2025-10-18T05:30:24.558+0000] {drought_data_collector.py:148} INFO -   Fetching North Carolina...
[2025-10-18T05:30:25.586+0000] {drought_data_collector.py:122} ERROR -   ❌ North Carolina: Expecting value: line 1 column 1 (char 0)
[2025-10-18T05:30:25.590+0000] {drought_data_collector.py:158} WARNING -     ⚠️ North Carolina: No data
[2025-10-18T05:30:25.591+0000] {drought_data_collector.py:148} INFO -   Fetching North Dakota...
[2025-10-18T05:30:26.490+0000] {drought_data_collector.py:122} ERROR -   ❌ North Dakota: Expecting value: line 1 column 1 (char 0)
[2025-10-18T05:30:26.494+0000] {drought_data_collector.py:158} WARNING -     ⚠️ North Dakota: No data
[2025-10-18T05:30:26.496+0000] {drought_data_collector.py:148} INFO -   Fetching Ohio...
[2025-10-18T05:30:27.483+0000] {drought_data_collector.py:122} ERROR -   ❌ Ohio: Expecting value: line 1 column 1 (char 0)
[2025-10-18T05:30:27.487+0000] {drought_data_collector.py:158} WARNING -     ⚠️ Ohio: No data
[2025-10-18T05:30:27.489+0000] {drought_data_collector.py:148} INFO -   Fetching Oklahoma...
[2025-10-18T05:30:28.371+0000] {drought_data_collector.py:122} ERROR -   ❌ Oklahoma: Expecting value: line 1 column 1 (char 0)
[2025-10-18T05:30:28.377+0000] {drought_data_collector.py:158} WARNING -     ⚠️ Oklahoma: No data
[2025-10-18T05:30:28.379+0000] {drought_data_collector.py:148} INFO -   Fetching Oregon...
[2025-10-18T05:30:29.268+0000] {drought_data_collector.py:122} ERROR -   ❌ Oregon: Expecting value: line 1 column 1 (char 0)
[2025-10-18T05:30:29.272+0000] {drought_data_collector.py:158} WARNING -     ⚠️ Oregon: No data
[2025-10-18T05:30:29.274+0000] {drought_data_collector.py:148} INFO -   Fetching Pennsylvania...
[2025-10-18T05:30:30.174+0000] {drought_data_collector.py:122} ERROR -   ❌ Pennsylvania: Expecting value: line 1 column 1 (char 0)
[2025-10-18T05:30:30.178+0000] {drought_data_collector.py:158} WARNING -     ⚠️ Pennsylvania: No data
[2025-10-18T05:30:30.179+0000] {drought_data_collector.py:148} INFO -   Fetching Rhode Island...
[2025-10-18T05:30:31.168+0000] {drought_data_collector.py:122} ERROR -   ❌ Rhode Island: Expecting value: line 1 column 1 (char 0)
[2025-10-18T05:30:31.172+0000] {drought_data_collector.py:158} WARNING -     ⚠️ Rhode Island: No data
[2025-10-18T05:30:31.174+0000] {drought_data_collector.py:148} INFO -   Fetching South Carolina...
[2025-10-18T05:30:32.059+0000] {drought_data_collector.py:122} ERROR -   ❌ South Carolina: Expecting value: line 1 column 1 (char 0)
[2025-10-18T05:30:32.064+0000] {drought_data_collector.py:158} WARNING -     ⚠️ South Carolina: No data
[2025-10-18T05:30:32.065+0000] {drought_data_collector.py:148} INFO -   Fetching South Dakota...
[2025-10-18T05:30:32.956+0000] {drought_data_collector.py:122} ERROR -   ❌ South Dakota: Expecting value: line 1 column 1 (char 0)
[2025-10-18T05:30:32.958+0000] {drought_data_collector.py:158} WARNING -     ⚠️ South Dakota: No data
[2025-10-18T05:30:32.958+0000] {drought_data_collector.py:148} INFO -   Fetching Tennessee...
[2025-10-18T05:30:33.972+0000] {drought_data_collector.py:122} ERROR -   ❌ Tennessee: Expecting value: line 1 column 1 (char 0)
[2025-10-18T05:30:33.976+0000] {drought_data_collector.py:158} WARNING -     ⚠️ Tennessee: No data
[2025-10-18T05:30:33.977+0000] {drought_data_collector.py:148} INFO -   Fetching Texas...
[2025-10-18T05:30:34.872+0000] {drought_data_collector.py:122} ERROR -   ❌ Texas: Expecting value: line 1 column 1 (char 0)
[2025-10-18T05:30:34.878+0000] {drought_data_collector.py:158} WARNING -     ⚠️ Texas: No data
[2025-10-18T05:30:34.879+0000] {drought_data_collector.py:148} INFO -   Fetching Utah...
[2025-10-18T05:30:35.877+0000] {drought_data_collector.py:122} ERROR -   ❌ Utah: Expecting value: line 1 column 1 (char 0)
[2025-10-18T05:30:35.878+0000] {drought_data_collector.py:158} WARNING -     ⚠️ Utah: No data
[2025-10-18T05:30:35.879+0000] {drought_data_collector.py:148} INFO -   Fetching Vermont...
[2025-10-18T05:30:36.773+0000] {drought_data_collector.py:122} ERROR -   ❌ Vermont: Expecting value: line 1 column 1 (char 0)
[2025-10-18T05:30:36.778+0000] {drought_data_collector.py:158} WARNING -     ⚠️ Vermont: No data
[2025-10-18T05:30:36.779+0000] {drought_data_collector.py:148} INFO -   Fetching Virginia...
[2025-10-18T05:30:37.672+0000] {drought_data_collector.py:122} ERROR -   ❌ Virginia: Expecting value: line 1 column 1 (char 0)
[2025-10-18T05:30:37.676+0000] {drought_data_collector.py:158} WARNING -     ⚠️ Virginia: No data
[2025-10-18T05:30:37.677+0000] {drought_data_collector.py:148} INFO -   Fetching Washington...
[2025-10-18T05:30:38.697+0000] {drought_data_collector.py:122} ERROR -   ❌ Washington: Expecting value: line 1 column 1 (char 0)
[2025-10-18T05:30:38.702+0000] {drought_data_collector.py:158} WARNING -     ⚠️ Washington: No data
[2025-10-18T05:30:38.703+0000] {drought_data_collector.py:148} INFO -   Fetching West Virginia...
[2025-10-18T05:30:39.599+0000] {drought_data_collector.py:122} ERROR -   ❌ West Virginia: Expecting value: line 1 column 1 (char 0)
[2025-10-18T05:30:39.603+0000] {drought_data_collector.py:158} WARNING -     ⚠️ West Virginia: No data
[2025-10-18T05:30:39.605+0000] {drought_data_collector.py:148} INFO -   Fetching Wisconsin...
[2025-10-18T05:30:40.612+0000] {drought_data_collector.py:122} ERROR -   ❌ Wisconsin: Expecting value: line 1 column 1 (char 0)
[2025-10-18T05:30:40.615+0000] {drought_data_collector.py:158} WARNING -     ⚠️ Wisconsin: No data
[2025-10-18T05:30:40.615+0000] {drought_data_collector.py:148} INFO -   Fetching Wyoming...
[2025-10-18T05:30:41.537+0000] {drought_data_collector.py:122} ERROR -   ❌ Wyoming: Expecting value: line 1 column 1 (char 0)
[2025-10-18T05:30:41.541+0000] {drought_data_collector.py:158} WARNING -     ⚠️ Wyoming: No data
[2025-10-18T05:30:41.543+0000] {drought_data_collector.py:217} ERROR - ❌ No drought data collected from API
[2025-10-18T05:30:41.543+0000] {drought_data_collector.py:218} INFO - ⚠️ Generating fallback drought data with neutral values
[2025-10-18T05:30:41.552+0000] {drought_data_collector.py:240} INFO - ✅ Saved 50 fallback records to /opt/***/data/raw/2025/drought_2025.csv
[2025-10-18T05:30:41.573+0000] {agricultural_sri_pipeline.py:160} INFO - ✅ Fetched drought data for 50 states
[2025-10-18T05:30:41.574+0000] {python.py:194} INFO - Done. Returned value was: {'success': True, 'file_path': '/opt/***/data/raw/2025/drought_2025.csv', 'records': 50, 'states': 50, 'fallback_data': True, 'stats': {'year': 2025, 'states': {'Alabama': 1, 'Alaska': 1, 'Arizona': 1, 'Arkansas': 1, 'California': 1, 'Colorado': 1, 'Connecticut': 1, 'Delaware': 1, 'Florida': 1, 'Georgia': 1, 'Hawaii': 1, 'Idaho': 1, 'Illinois': 1, 'Indiana': 1, 'Iowa': 1, 'Kansas': 1, 'Kentucky': 1, 'Louisiana': 1, 'Maine': 1, 'Maryland': 1, 'Massachusetts': 1, 'Michigan': 1, 'Minnesota': 1, 'Mississippi': 1, 'Missouri': 1, 'Montana': 1, 'Nebraska': 1, 'Nevada': 1, 'New Hampshire': 1, 'New Jersey': 1, 'New Mexico': 1, 'New York': 1, 'North Carolina': 1, 'North Dakota': 1, 'Ohio': 1, 'Oklahoma': 1, 'Oregon': 1, 'Pennsylvania': 1, 'Rhode Island': 1, 'South Carolina': 1, 'South Dakota': 1, 'Tennessee': 1, 'Texas': 1, 'Utah': 1, 'Vermont': 1, 'Virginia': 1, 'Washington': 1, 'West Virginia': 1, 'Wisconsin': 1, 'Wyoming': 1}, 'total_records': 50, 'total_states': 50}}
[2025-10-18T05:30:41.586+0000] {taskinstance.py:1400} INFO - Marking task as SUCCESS. dag_id=agricultural_sri_annual_report, task_id=data_collection.fetch_drought, execution_date=20251018T051556, start_date=20251018T052953, end_date=20251018T053041
[2025-10-18T05:30:41.608+0000] {local_task_job_runner.py:228} INFO - Task exited with return code 0
[2025-10-18T05:30:41.626+0000] {taskinstance.py:2778} INFO - 1 downstream tasks scheduled from follow-on schedule check
