[2025-10-18T04:42:05.449+0000] {taskinstance.py:1159} INFO - Dependencies all met for dep_context=non-requeueable deps ti=<TaskInstance: agricultural_sri_annual_report.distribution.prepare_notifications manual__2025-10-18T02:31:24.144743+00:00 [queued]>
[2025-10-18T04:42:05.453+0000] {taskinstance.py:1159} INFO - Dependencies all met for dep_context=requeueable deps ti=<TaskInstance: agricultural_sri_annual_report.distribution.prepare_notifications manual__2025-10-18T02:31:24.144743+00:00 [queued]>
[2025-10-18T04:42:05.453+0000] {taskinstance.py:1361} INFO - Starting attempt 2 of 4
[2025-10-18T04:42:05.459+0000] {taskinstance.py:1382} INFO - Executing <Task(PythonOperator): distribution.prepare_notifications> on 2025-10-18 02:31:24.144743+00:00
[2025-10-18T04:42:05.462+0000] {standard_task_runner.py:57} INFO - Started process 1339 to run task
[2025-10-18T04:42:05.464+0000] {standard_task_runner.py:84} INFO - Running: ['***', 'tasks', 'run', 'agricultural_sri_annual_report', 'distribution.prepare_notifications', 'manual__2025-10-18T02:31:24.144743+00:00', '--job-id', '49', '--raw', '--subdir', 'DAGS_FOLDER/agricultural_sri_pipeline.py', '--cfg-path', '/tmp/tmpsq4x4k2n']
[2025-10-18T04:42:05.465+0000] {standard_task_runner.py:85} INFO - Job 49: Subtask distribution.prepare_notifications
[2025-10-18T04:42:05.488+0000] {task_command.py:416} INFO - Running <TaskInstance: agricultural_sri_annual_report.distribution.prepare_notifications manual__2025-10-18T02:31:24.144743+00:00 [running]> on host 4e2b74bc69c8
[2025-10-18T04:42:05.518+0000] {taskinstance.py:1662} INFO - Exporting env vars: AIRFLOW_CTX_DAG_EMAIL='alerts@agcompany.com' AIRFLOW_CTX_DAG_OWNER='agricultural_risk_team' AIRFLOW_CTX_DAG_ID='agricultural_sri_annual_report' AIRFLOW_CTX_TASK_ID='distribution.prepare_notifications' AIRFLOW_CTX_EXECUTION_DATE='2025-10-18T02:31:24.144743+00:00' AIRFLOW_CTX_TRY_NUMBER='2' AIRFLOW_CTX_DAG_RUN_ID='manual__2025-10-18T02:31:24.144743+00:00'
[2025-10-18T04:42:05.519+0000] {warnings.py:109} WARNING - /home/***/.local/lib/python3.10/site-packages/***/utils/context.py:314: AirflowContextDeprecationWarning: Accessing 'execution_date' from the template is deprecated and will be removed in a future version. Please use 'data_interval_start' or 'logical_date' instead.
  warnings.warn(_create_deprecation_warning(k, replacements))

[2025-10-18T04:42:05.535+0000] {python.py:194} INFO - Done. Returned value was: 
        <html>
        <head><style>
            body { font-family: Arial, sans-serif; }
            .header { background-color: #2E7D32; color: white; padding: 20px; }
            .summary { background-color: #f5f5f5; padding: 15px; margin: 20px 0; }
            .high-risk { color: #d32f2f; font-weight: bold; }
            .button { background-color: #2E7D32; color: white; padding: 10px 20px; text-decoration: none; display: inline-block; }
        </style></head>
        <body>
            <div class="header">
                <h1>🌾 Annual Agricultural Risk Report 2025</h1>
            </div>

            <div class="summary">
                <h2>📊 Executive Summary</h2>
                <ul>
                    <li><b>Reporting Year:</b> 2025</li>
                    <li><b>National Average SRI:</b> 23.7</li>
                    <li><b>High-Risk States:</b> <span class="high-risk">0 states require attention</span></li>
                    <li><b>High-Risk Records:</b> <span class="high-risk">0 records flagged</span></li>
                </ul>
            </div>

            <h3>⚠️ Risk Distribution:</h3>
            <p>High: 0 | Very High: 0</p>

            <h3>📄 Access Full Report:</h3>
            <p><a href="N/A" class="button">View Market Summary Report</a></p>

            <hr>
            <p><small>This report was automatically generated by the Agricultural SRI Pipeline on 2025-10-18 04:42:05 UTC</small></p>
        </body>
        </html>
        
[2025-10-18T04:42:05.542+0000] {taskinstance.py:1400} INFO - Marking task as SUCCESS. dag_id=agricultural_sri_annual_report, task_id=distribution.prepare_notifications, execution_date=20251018T023124, start_date=20251018T044205, end_date=20251018T044205
[2025-10-18T04:42:05.565+0000] {local_task_job_runner.py:228} INFO - Task exited with return code 0
[2025-10-18T04:42:05.576+0000] {taskinstance.py:2778} INFO - 1 downstream tasks scheduled from follow-on schedule check
