[2025-10-18T05:27:36.656+0000] {taskinstance.py:1159} INFO - Dependencies all met for dep_context=non-requeueable deps ti=<TaskInstance: agricultural_sri_annual_report.data_collection.fetch_drought manual__2025-10-18T04:58:42.887469+00:00 [queued]>
[2025-10-18T05:27:36.663+0000] {taskinstance.py:1159} INFO - Dependencies all met for dep_context=requeueable deps ti=<TaskInstance: agricultural_sri_annual_report.data_collection.fetch_drought manual__2025-10-18T04:58:42.887469+00:00 [queued]>
[2025-10-18T05:27:36.664+0000] {taskinstance.py:1361} INFO - Starting attempt 1 of 3
[2025-10-18T05:27:36.671+0000] {taskinstance.py:1382} INFO - Executing <Task(PythonOperator): data_collection.fetch_drought> on 2025-10-18 04:58:42.887469+00:00
[2025-10-18T05:27:36.674+0000] {standard_task_runner.py:57} INFO - Started process 555 to run task
[2025-10-18T05:27:36.676+0000] {standard_task_runner.py:84} INFO - Running: ['***', 'tasks', 'run', 'agricultural_sri_annual_report', 'data_collection.fetch_drought', 'manual__2025-10-18T04:58:42.887469+00:00', '--job-id', '61', '--raw', '--subdir', 'DAGS_FOLDER/agricultural_sri_pipeline.py', '--cfg-path', '/tmp/tmpyyasftzb']
[2025-10-18T05:27:36.677+0000] {standard_task_runner.py:85} INFO - Job 61: Subtask data_collection.fetch_drought
[2025-10-18T05:27:36.700+0000] {task_command.py:416} INFO - Running <TaskInstance: agricultural_sri_annual_report.data_collection.fetch_drought manual__2025-10-18T04:58:42.887469+00:00 [running]> on host 4e2b74bc69c8
[2025-10-18T05:27:36.738+0000] {taskinstance.py:1662} INFO - Exporting env vars: AIRFLOW_CTX_DAG_EMAIL='alerts@agcompany.com' AIRFLOW_CTX_DAG_OWNER='agricultural_risk_team' AIRFLOW_CTX_DAG_ID='agricultural_sri_annual_report' AIRFLOW_CTX_TASK_ID='data_collection.fetch_drought' AIRFLOW_CTX_EXECUTION_DATE='2025-10-18T04:58:42.887469+00:00' AIRFLOW_CTX_TRY_NUMBER='1' AIRFLOW_CTX_DAG_RUN_ID='manual__2025-10-18T04:58:42.887469+00:00'
[2025-10-18T05:27:36.995+0000] {warnings.py:109} WARNING - /home/***/.local/lib/python3.10/site-packages/***/utils/context.py:314: AirflowContextDeprecationWarning: Accessing 'execution_date' from the template is deprecated and will be removed in a future version. Please use 'data_interval_start' or 'logical_date' instead.
  warnings.warn(_create_deprecation_warning(k, replacements))

[2025-10-18T05:27:36.995+0000] {agricultural_sri_pipeline.py:150} INFO - 🌵 Fetching drought data for 2025
[2025-10-18T05:27:36.996+0000] {drought_data_collector.py:137} INFO - 🌵 Fetching drought data for 2025
[2025-10-18T05:27:36.996+0000] {drought_data_collector.py:148} INFO -   Fetching Alabama...
[2025-10-18T05:27:38.340+0000] {drought_data_collector.py:122} ERROR -   ❌ Alabama: Expecting value: line 1 column 1 (char 0)
[2025-10-18T05:27:38.342+0000] {drought_data_collector.py:158} WARNING -     ⚠️ Alabama: No data
[2025-10-18T05:27:38.343+0000] {drought_data_collector.py:148} INFO -   Fetching Alaska...
[2025-10-18T05:27:39.228+0000] {drought_data_collector.py:122} ERROR -   ❌ Alaska: Expecting value: line 1 column 1 (char 0)
[2025-10-18T05:27:39.234+0000] {drought_data_collector.py:158} WARNING -     ⚠️ Alaska: No data
[2025-10-18T05:27:39.236+0000] {drought_data_collector.py:148} INFO -   Fetching Arizona...
[2025-10-18T05:27:40.205+0000] {drought_data_collector.py:122} ERROR -   ❌ Arizona: Expecting value: line 1 column 1 (char 0)
[2025-10-18T05:27:40.210+0000] {drought_data_collector.py:158} WARNING -     ⚠️ Arizona: No data
[2025-10-18T05:27:40.211+0000] {drought_data_collector.py:148} INFO -   Fetching Arkansas...
[2025-10-18T05:27:41.154+0000] {drought_data_collector.py:122} ERROR -   ❌ Arkansas: Expecting value: line 1 column 1 (char 0)
[2025-10-18T05:27:41.159+0000] {drought_data_collector.py:158} WARNING -     ⚠️ Arkansas: No data
[2025-10-18T05:27:41.160+0000] {drought_data_collector.py:148} INFO -   Fetching California...
[2025-10-18T05:27:42.040+0000] {drought_data_collector.py:122} ERROR -   ❌ California: Expecting value: line 1 column 1 (char 0)
[2025-10-18T05:27:42.040+0000] {drought_data_collector.py:158} WARNING -     ⚠️ California: No data
[2025-10-18T05:27:42.041+0000] {drought_data_collector.py:148} INFO -   Fetching Colorado...
[2025-10-18T05:27:43.059+0000] {drought_data_collector.py:122} ERROR -   ❌ Colorado: Expecting value: line 1 column 1 (char 0)
[2025-10-18T05:27:43.061+0000] {drought_data_collector.py:158} WARNING -     ⚠️ Colorado: No data
[2025-10-18T05:27:43.062+0000] {drought_data_collector.py:148} INFO -   Fetching Connecticut...
[2025-10-18T05:27:43.961+0000] {drought_data_collector.py:122} ERROR -   ❌ Connecticut: Expecting value: line 1 column 1 (char 0)
[2025-10-18T05:27:43.965+0000] {drought_data_collector.py:158} WARNING -     ⚠️ Connecticut: No data
[2025-10-18T05:27:43.967+0000] {drought_data_collector.py:148} INFO -   Fetching Delaware...
[2025-10-18T05:27:44.943+0000] {drought_data_collector.py:122} ERROR -   ❌ Delaware: Expecting value: line 1 column 1 (char 0)
[2025-10-18T05:27:44.946+0000] {drought_data_collector.py:158} WARNING -     ⚠️ Delaware: No data
[2025-10-18T05:27:44.946+0000] {drought_data_collector.py:148} INFO -   Fetching Florida...
[2025-10-18T05:27:45.849+0000] {drought_data_collector.py:122} ERROR -   ❌ Florida: Expecting value: line 1 column 1 (char 0)
[2025-10-18T05:27:45.853+0000] {drought_data_collector.py:158} WARNING -     ⚠️ Florida: No data
[2025-10-18T05:27:45.855+0000] {drought_data_collector.py:148} INFO -   Fetching Georgia...
[2025-10-18T05:27:46.747+0000] {drought_data_collector.py:122} ERROR -   ❌ Georgia: Expecting value: line 1 column 1 (char 0)
[2025-10-18T05:27:46.749+0000] {drought_data_collector.py:158} WARNING -     ⚠️ Georgia: No data
[2025-10-18T05:27:46.750+0000] {drought_data_collector.py:148} INFO -   Fetching Hawaii...
[2025-10-18T05:27:47.839+0000] {drought_data_collector.py:122} ERROR -   ❌ Hawaii: Expecting value: line 1 column 1 (char 0)
[2025-10-18T05:27:47.843+0000] {drought_data_collector.py:158} WARNING -     ⚠️ Hawaii: No data
[2025-10-18T05:27:47.844+0000] {drought_data_collector.py:148} INFO -   Fetching Idaho...
[2025-10-18T05:27:48.826+0000] {drought_data_collector.py:122} ERROR -   ❌ Idaho: Expecting value: line 1 column 1 (char 0)
[2025-10-18T05:27:48.830+0000] {drought_data_collector.py:158} WARNING -     ⚠️ Idaho: No data
[2025-10-18T05:27:48.832+0000] {drought_data_collector.py:148} INFO -   Fetching Illinois...
[2025-10-18T05:27:49.714+0000] {drought_data_collector.py:122} ERROR -   ❌ Illinois: Expecting value: line 1 column 1 (char 0)
[2025-10-18T05:27:49.719+0000] {drought_data_collector.py:158} WARNING -     ⚠️ Illinois: No data
[2025-10-18T05:27:49.721+0000] {drought_data_collector.py:148} INFO -   Fetching Indiana...
[2025-10-18T05:27:50.676+0000] {drought_data_collector.py:122} ERROR -   ❌ Indiana: Expecting value: line 1 column 1 (char 0)
[2025-10-18T05:27:50.681+0000] {drought_data_collector.py:158} WARNING -     ⚠️ Indiana: No data
[2025-10-18T05:27:50.682+0000] {drought_data_collector.py:148} INFO -   Fetching Iowa...
[2025-10-18T05:27:51.616+0000] {drought_data_collector.py:122} ERROR -   ❌ Iowa: Expecting value: line 1 column 1 (char 0)
[2025-10-18T05:27:51.618+0000] {drought_data_collector.py:158} WARNING -     ⚠️ Iowa: No data
[2025-10-18T05:27:51.618+0000] {drought_data_collector.py:148} INFO -   Fetching Kansas...
[2025-10-18T05:27:52.520+0000] {drought_data_collector.py:122} ERROR -   ❌ Kansas: Expecting value: line 1 column 1 (char 0)
[2025-10-18T05:27:52.523+0000] {drought_data_collector.py:158} WARNING -     ⚠️ Kansas: No data
[2025-10-18T05:27:52.525+0000] {drought_data_collector.py:148} INFO -   Fetching Kentucky...
[2025-10-18T05:27:53.895+0000] {drought_data_collector.py:122} ERROR -   ❌ Kentucky: Expecting value: line 1 column 1 (char 0)
[2025-10-18T05:27:53.902+0000] {drought_data_collector.py:158} WARNING -     ⚠️ Kentucky: No data
[2025-10-18T05:27:53.904+0000] {drought_data_collector.py:148} INFO -   Fetching Louisiana...
[2025-10-18T05:27:54.935+0000] {drought_data_collector.py:122} ERROR -   ❌ Louisiana: Expecting value: line 1 column 1 (char 0)
[2025-10-18T05:27:54.938+0000] {drought_data_collector.py:158} WARNING -     ⚠️ Louisiana: No data
[2025-10-18T05:27:54.938+0000] {drought_data_collector.py:148} INFO -   Fetching Maine...
[2025-10-18T05:27:55.821+0000] {drought_data_collector.py:122} ERROR -   ❌ Maine: Expecting value: line 1 column 1 (char 0)
[2025-10-18T05:27:55.826+0000] {drought_data_collector.py:158} WARNING -     ⚠️ Maine: No data
[2025-10-18T05:27:55.827+0000] {drought_data_collector.py:148} INFO -   Fetching Maryland...
[2025-10-18T05:27:56.718+0000] {drought_data_collector.py:122} ERROR -   ❌ Maryland: Expecting value: line 1 column 1 (char 0)
[2025-10-18T05:27:56.722+0000] {drought_data_collector.py:158} WARNING -     ⚠️ Maryland: No data
[2025-10-18T05:27:56.723+0000] {drought_data_collector.py:148} INFO -   Fetching Massachusetts...
[2025-10-18T05:27:57.739+0000] {drought_data_collector.py:122} ERROR -   ❌ Massachusetts: Expecting value: line 1 column 1 (char 0)
[2025-10-18T05:27:57.740+0000] {drought_data_collector.py:158} WARNING -     ⚠️ Massachusetts: No data
[2025-10-18T05:27:57.741+0000] {drought_data_collector.py:148} INFO -   Fetching Michigan...
[2025-10-18T05:27:58.788+0000] {drought_data_collector.py:122} ERROR -   ❌ Michigan: Expecting value: line 1 column 1 (char 0)
[2025-10-18T05:27:58.802+0000] {drought_data_collector.py:158} WARNING -     ⚠️ Michigan: No data
[2025-10-18T05:27:58.803+0000] {drought_data_collector.py:148} INFO -   Fetching Minnesota...
[2025-10-18T05:27:59.677+0000] {drought_data_collector.py:122} ERROR -   ❌ Minnesota: Expecting value: line 1 column 1 (char 0)
[2025-10-18T05:27:59.684+0000] {drought_data_collector.py:158} WARNING -     ⚠️ Minnesota: No data
[2025-10-18T05:27:59.686+0000] {drought_data_collector.py:148} INFO -   Fetching Mississippi...
[2025-10-18T05:28:00.641+0000] {drought_data_collector.py:122} ERROR -   ❌ Mississippi: Expecting value: line 1 column 1 (char 0)
[2025-10-18T05:28:00.646+0000] {drought_data_collector.py:158} WARNING -     ⚠️ Mississippi: No data
[2025-10-18T05:28:00.648+0000] {drought_data_collector.py:148} INFO -   Fetching Missouri...
[2025-10-18T05:28:01.573+0000] {drought_data_collector.py:122} ERROR -   ❌ Missouri: Expecting value: line 1 column 1 (char 0)
[2025-10-18T05:28:01.579+0000] {drought_data_collector.py:158} WARNING -     ⚠️ Missouri: No data
[2025-10-18T05:28:01.581+0000] {drought_data_collector.py:148} INFO -   Fetching Montana...
[2025-10-18T05:28:02.635+0000] {drought_data_collector.py:122} ERROR -   ❌ Montana: Expecting value: line 1 column 1 (char 0)
[2025-10-18T05:28:02.639+0000] {drought_data_collector.py:158} WARNING -     ⚠️ Montana: No data
[2025-10-18T05:28:02.640+0000] {drought_data_collector.py:148} INFO -   Fetching Nebraska...
[2025-10-18T05:28:03.537+0000] {drought_data_collector.py:122} ERROR -   ❌ Nebraska: Expecting value: line 1 column 1 (char 0)
[2025-10-18T05:28:03.540+0000] {drought_data_collector.py:158} WARNING -     ⚠️ Nebraska: No data
[2025-10-18T05:28:03.542+0000] {drought_data_collector.py:148} INFO -   Fetching Nevada...
[2025-10-18T05:28:04.555+0000] {drought_data_collector.py:122} ERROR -   ❌ Nevada: Expecting value: line 1 column 1 (char 0)
[2025-10-18T05:28:04.558+0000] {drought_data_collector.py:158} WARNING -     ⚠️ Nevada: No data
[2025-10-18T05:28:04.559+0000] {drought_data_collector.py:148} INFO -   Fetching New Hampshire...
[2025-10-18T05:28:05.451+0000] {drought_data_collector.py:122} ERROR -   ❌ New Hampshire: Expecting value: line 1 column 1 (char 0)
[2025-10-18T05:28:05.453+0000] {drought_data_collector.py:158} WARNING -     ⚠️ New Hampshire: No data
[2025-10-18T05:28:05.454+0000] {drought_data_collector.py:148} INFO -   Fetching New Jersey...
[2025-10-18T05:28:06.405+0000] {drought_data_collector.py:122} ERROR -   ❌ New Jersey: Expecting value: line 1 column 1 (char 0)
[2025-10-18T05:28:06.408+0000] {drought_data_collector.py:158} WARNING -     ⚠️ New Jersey: No data
[2025-10-18T05:28:06.409+0000] {drought_data_collector.py:148} INFO -   Fetching New Mexico...
[2025-10-18T05:28:07.389+0000] {drought_data_collector.py:122} ERROR -   ❌ New Mexico: Expecting value: line 1 column 1 (char 0)
[2025-10-18T05:28:07.392+0000] {drought_data_collector.py:158} WARNING -     ⚠️ New Mexico: No data
[2025-10-18T05:28:07.393+0000] {drought_data_collector.py:148} INFO -   Fetching New York...
[2025-10-18T05:28:08.389+0000] {drought_data_collector.py:122} ERROR -   ❌ New York: Expecting value: line 1 column 1 (char 0)
[2025-10-18T05:28:08.391+0000] {drought_data_collector.py:158} WARNING -     ⚠️ New York: No data
[2025-10-18T05:28:08.392+0000] {drought_data_collector.py:148} INFO -   Fetching North Carolina...
[2025-10-18T05:28:09.478+0000] {drought_data_collector.py:122} ERROR -   ❌ North Carolina: Expecting value: line 1 column 1 (char 0)
[2025-10-18T05:28:09.483+0000] {drought_data_collector.py:158} WARNING -     ⚠️ North Carolina: No data
[2025-10-18T05:28:09.483+0000] {drought_data_collector.py:148} INFO -   Fetching North Dakota...
[2025-10-18T05:28:10.411+0000] {drought_data_collector.py:122} ERROR -   ❌ North Dakota: Expecting value: line 1 column 1 (char 0)
[2025-10-18T05:28:10.413+0000] {drought_data_collector.py:158} WARNING -     ⚠️ North Dakota: No data
[2025-10-18T05:28:10.414+0000] {drought_data_collector.py:148} INFO -   Fetching Ohio...
[2025-10-18T05:28:11.370+0000] {drought_data_collector.py:122} ERROR -   ❌ Ohio: Expecting value: line 1 column 1 (char 0)
[2025-10-18T05:28:11.374+0000] {drought_data_collector.py:158} WARNING -     ⚠️ Ohio: No data
[2025-10-18T05:28:11.375+0000] {drought_data_collector.py:148} INFO -   Fetching Oklahoma...
[2025-10-18T05:28:12.288+0000] {drought_data_collector.py:122} ERROR -   ❌ Oklahoma: Expecting value: line 1 column 1 (char 0)
[2025-10-18T05:28:12.291+0000] {drought_data_collector.py:158} WARNING -     ⚠️ Oklahoma: No data
[2025-10-18T05:28:12.291+0000] {drought_data_collector.py:148} INFO -   Fetching Oregon...
[2025-10-18T05:28:13.467+0000] {drought_data_collector.py:122} ERROR -   ❌ Oregon: Expecting value: line 1 column 1 (char 0)
[2025-10-18T05:28:13.468+0000] {drought_data_collector.py:158} WARNING -     ⚠️ Oregon: No data
[2025-10-18T05:28:13.468+0000] {drought_data_collector.py:148} INFO -   Fetching Pennsylvania...
[2025-10-18T05:28:14.519+0000] {drought_data_collector.py:122} ERROR -   ❌ Pennsylvania: Expecting value: line 1 column 1 (char 0)
[2025-10-18T05:28:14.527+0000] {drought_data_collector.py:158} WARNING -     ⚠️ Pennsylvania: No data
[2025-10-18T05:28:14.529+0000] {drought_data_collector.py:148} INFO -   Fetching Rhode Island...
[2025-10-18T05:28:15.425+0000] {drought_data_collector.py:122} ERROR -   ❌ Rhode Island: Expecting value: line 1 column 1 (char 0)
[2025-10-18T05:28:15.429+0000] {drought_data_collector.py:158} WARNING -     ⚠️ Rhode Island: No data
[2025-10-18T05:28:15.430+0000] {drought_data_collector.py:148} INFO -   Fetching South Carolina...
[2025-10-18T05:28:16.389+0000] {drought_data_collector.py:122} ERROR -   ❌ South Carolina: Expecting value: line 1 column 1 (char 0)
[2025-10-18T05:28:16.392+0000] {drought_data_collector.py:158} WARNING -     ⚠️ South Carolina: No data
[2025-10-18T05:28:16.393+0000] {drought_data_collector.py:148} INFO -   Fetching South Dakota...
[2025-10-18T05:28:20.395+0000] {drought_data_collector.py:122} ERROR -   ❌ South Dakota: Expecting value: line 1 column 1 (char 0)
[2025-10-18T05:28:20.400+0000] {drought_data_collector.py:158} WARNING -     ⚠️ South Dakota: No data
[2025-10-18T05:28:20.402+0000] {drought_data_collector.py:148} INFO -   Fetching Tennessee...
[2025-10-18T05:28:21.332+0000] {drought_data_collector.py:122} ERROR -   ❌ Tennessee: Expecting value: line 1 column 1 (char 0)
[2025-10-18T05:28:21.335+0000] {drought_data_collector.py:158} WARNING -     ⚠️ Tennessee: No data
[2025-10-18T05:28:21.336+0000] {drought_data_collector.py:148} INFO -   Fetching Texas...
[2025-10-18T05:28:22.247+0000] {drought_data_collector.py:122} ERROR -   ❌ Texas: Expecting value: line 1 column 1 (char 0)
[2025-10-18T05:28:22.254+0000] {drought_data_collector.py:158} WARNING -     ⚠️ Texas: No data
[2025-10-18T05:28:22.255+0000] {drought_data_collector.py:148} INFO -   Fetching Utah...
[2025-10-18T05:28:23.180+0000] {drought_data_collector.py:122} ERROR -   ❌ Utah: Expecting value: line 1 column 1 (char 0)
[2025-10-18T05:28:23.182+0000] {drought_data_collector.py:158} WARNING -     ⚠️ Utah: No data
[2025-10-18T05:28:23.183+0000] {drought_data_collector.py:148} INFO -   Fetching Vermont...
[2025-10-18T05:28:24.128+0000] {drought_data_collector.py:122} ERROR -   ❌ Vermont: Expecting value: line 1 column 1 (char 0)
[2025-10-18T05:28:24.132+0000] {drought_data_collector.py:158} WARNING -     ⚠️ Vermont: No data
[2025-10-18T05:28:24.134+0000] {drought_data_collector.py:148} INFO -   Fetching Virginia...
[2025-10-18T05:28:25.022+0000] {drought_data_collector.py:122} ERROR -   ❌ Virginia: Expecting value: line 1 column 1 (char 0)
[2025-10-18T05:28:25.024+0000] {drought_data_collector.py:158} WARNING -     ⚠️ Virginia: No data
[2025-10-18T05:28:25.025+0000] {drought_data_collector.py:148} INFO -   Fetching Washington...
[2025-10-18T05:28:25.932+0000] {drought_data_collector.py:122} ERROR -   ❌ Washington: Expecting value: line 1 column 1 (char 0)
[2025-10-18T05:28:25.937+0000] {drought_data_collector.py:158} WARNING -     ⚠️ Washington: No data
[2025-10-18T05:28:25.938+0000] {drought_data_collector.py:148} INFO -   Fetching West Virginia...
[2025-10-18T05:28:26.853+0000] {drought_data_collector.py:122} ERROR -   ❌ West Virginia: Expecting value: line 1 column 1 (char 0)
[2025-10-18T05:28:26.857+0000] {drought_data_collector.py:158} WARNING -     ⚠️ West Virginia: No data
[2025-10-18T05:28:26.858+0000] {drought_data_collector.py:148} INFO -   Fetching Wisconsin...
[2025-10-18T05:28:27.776+0000] {drought_data_collector.py:122} ERROR -   ❌ Wisconsin: Expecting value: line 1 column 1 (char 0)
[2025-10-18T05:28:27.780+0000] {drought_data_collector.py:158} WARNING -     ⚠️ Wisconsin: No data
[2025-10-18T05:28:27.781+0000] {drought_data_collector.py:148} INFO -   Fetching Wyoming...
[2025-10-18T05:28:28.672+0000] {drought_data_collector.py:122} ERROR -   ❌ Wyoming: Expecting value: line 1 column 1 (char 0)
[2025-10-18T05:28:28.674+0000] {drought_data_collector.py:158} WARNING -     ⚠️ Wyoming: No data
[2025-10-18T05:28:28.675+0000] {drought_data_collector.py:217} ERROR - ❌ No drought data collected from API
[2025-10-18T05:28:28.675+0000] {drought_data_collector.py:218} INFO - ⚠️ Generating fallback drought data with neutral values
[2025-10-18T05:28:28.695+0000] {drought_data_collector.py:240} INFO - ✅ Saved 50 fallback records to /opt/***/data/raw/2025/drought_2025.csv
[2025-10-18T05:28:28.728+0000] {agricultural_sri_pipeline.py:160} INFO - ✅ Fetched drought data for 50 states
[2025-10-18T05:28:28.729+0000] {python.py:194} INFO - Done. Returned value was: {'success': True, 'file_path': '/opt/***/data/raw/2025/drought_2025.csv', 'records': 50, 'states': 50, 'fallback_data': True, 'stats': {'year': 2025, 'states': {'Alabama': 1, 'Alaska': 1, 'Arizona': 1, 'Arkansas': 1, 'California': 1, 'Colorado': 1, 'Connecticut': 1, 'Delaware': 1, 'Florida': 1, 'Georgia': 1, 'Hawaii': 1, 'Idaho': 1, 'Illinois': 1, 'Indiana': 1, 'Iowa': 1, 'Kansas': 1, 'Kentucky': 1, 'Louisiana': 1, 'Maine': 1, 'Maryland': 1, 'Massachusetts': 1, 'Michigan': 1, 'Minnesota': 1, 'Mississippi': 1, 'Missouri': 1, 'Montana': 1, 'Nebraska': 1, 'Nevada': 1, 'New Hampshire': 1, 'New Jersey': 1, 'New Mexico': 1, 'New York': 1, 'North Carolina': 1, 'North Dakota': 1, 'Ohio': 1, 'Oklahoma': 1, 'Oregon': 1, 'Pennsylvania': 1, 'Rhode Island': 1, 'South Carolina': 1, 'South Dakota': 1, 'Tennessee': 1, 'Texas': 1, 'Utah': 1, 'Vermont': 1, 'Virginia': 1, 'Washington': 1, 'West Virginia': 1, 'Wisconsin': 1, 'Wyoming': 1}, 'total_records': 50, 'total_states': 50}}
[2025-10-18T05:28:28.746+0000] {taskinstance.py:1400} INFO - Marking task as SUCCESS. dag_id=agricultural_sri_annual_report, task_id=data_collection.fetch_drought, execution_date=20251018T045842, start_date=20251018T052736, end_date=20251018T052828
[2025-10-18T05:28:28.783+0000] {local_task_job_runner.py:228} INFO - Task exited with return code 0
[2025-10-18T05:28:28.806+0000] {taskinstance.py:2778} INFO - 1 downstream tasks scheduled from follow-on schedule check
