[2025-10-18T04:30:33.678+0000] {taskinstance.py:1159} INFO - Dependencies all met for dep_context=non-requeueable deps ti=<TaskInstance: agricultural_sri_annual_report.report_generation.generate_state_reports manual__2025-10-18T02:31:24.144743+00:00 [queued]>
[2025-10-18T04:30:33.683+0000] {taskinstance.py:1159} INFO - Dependencies all met for dep_context=requeueable deps ti=<TaskInstance: agricultural_sri_annual_report.report_generation.generate_state_reports manual__2025-10-18T02:31:24.144743+00:00 [queued]>
[2025-10-18T04:30:33.684+0000] {taskinstance.py:1361} INFO - Starting attempt 3 of 5
[2025-10-18T04:30:33.690+0000] {taskinstance.py:1382} INFO - Executing <Task(PythonOperator): report_generation.generate_state_reports> on 2025-10-18 02:31:24.144743+00:00
[2025-10-18T04:30:33.692+0000] {standard_task_runner.py:57} INFO - Started process 1141 to run task
[2025-10-18T04:30:33.694+0000] {standard_task_runner.py:84} INFO - Running: ['***', 'tasks', 'run', 'agricultural_sri_annual_report', 'report_generation.generate_state_reports', 'manual__2025-10-18T02:31:24.144743+00:00', '--job-id', '39', '--raw', '--subdir', 'DAGS_FOLDER/agricultural_sri_pipeline.py', '--cfg-path', '/tmp/tmpwjnh4q6w']
[2025-10-18T04:30:33.694+0000] {standard_task_runner.py:85} INFO - Job 39: Subtask report_generation.generate_state_reports
[2025-10-18T04:30:33.714+0000] {task_command.py:416} INFO - Running <TaskInstance: agricultural_sri_annual_report.report_generation.generate_state_reports manual__2025-10-18T02:31:24.144743+00:00 [running]> on host 4e2b74bc69c8
[2025-10-18T04:30:33.742+0000] {taskinstance.py:1662} INFO - Exporting env vars: AIRFLOW_CTX_DAG_EMAIL='alerts@agcompany.com' AIRFLOW_CTX_DAG_OWNER='agricultural_risk_team' AIRFLOW_CTX_DAG_ID='agricultural_sri_annual_report' AIRFLOW_CTX_TASK_ID='report_generation.generate_state_reports' AIRFLOW_CTX_EXECUTION_DATE='2025-10-18T02:31:24.144743+00:00' AIRFLOW_CTX_TRY_NUMBER='3' AIRFLOW_CTX_DAG_RUN_ID='manual__2025-10-18T02:31:24.144743+00:00'
[2025-10-18T04:30:33.956+0000] {warnings.py:109} WARNING - /home/***/.local/lib/python3.10/site-packages/***/utils/context.py:314: AirflowContextDeprecationWarning: Accessing 'execution_date' from the template is deprecated and will be removed in a future version. Please use 'data_interval_start' or 'logical_date' instead.
  warnings.warn(_create_deprecation_warning(k, replacements))

[2025-10-18T04:30:33.956+0000] {agricultural_sri_pipeline.py:465} INFO - 📊 Generating state-specific reports for 2025
[2025-10-18T04:30:33.961+0000] {state_report_generator.py:27} INFO - 📁 Generating state-level reports...
[2025-10-18T04:30:33.963+0000] {state_report_generator.py:32} INFO -   Loaded 380 SRI records
[2025-10-18T04:30:34.024+0000] {state_report_generator.py:89} INFO - ✅ Generated 39 state reports
[2025-10-18T04:30:34.024+0000] {state_report_generator.py:90} INFO -    Saved to: /opt/***/data/reports/2025/states/states
[2025-10-18T04:30:34.034+0000] {agricultural_sri_pipeline.py:479} INFO - ✅ Generated reports for 0 states
[2025-10-18T04:30:34.034+0000] {python.py:194} INFO - Done. Returned value was: {'success': True, 'output_dir': '/opt/***/data/reports/2025/states/states', 'files_generated': 39, 'file_paths': ['/opt/***/data/reports/2025/states/states/TEXAS_2025.csv', '/opt/***/data/reports/2025/states/states/OKLAHOMA_2025.csv', '/opt/***/data/reports/2025/states/states/MONTANA_2025.csv', '/opt/***/data/reports/2025/states/states/COLORADO_2025.csv', '/opt/***/data/reports/2025/states/states/WYOMING_2025.csv', '/opt/***/data/reports/2025/states/states/NEW_MEXICO_2025.csv', '/opt/***/data/reports/2025/states/states/KANSAS_2025.csv', '/opt/***/data/reports/2025/states/states/NEBRASKA_2025.csv', '/opt/***/data/reports/2025/states/states/SOUTH_CAROLINA_2025.csv', '/opt/***/data/reports/2025/states/states/NORTH_DAKOTA_2025.csv', '/opt/***/data/reports/2025/states/states/NORTH_CAROLINA_2025.csv', '/opt/***/data/reports/2025/states/states/WASHINGTON_2025.csv', '/opt/***/data/reports/2025/states/states/ALABAMA_2025.csv', '/opt/***/data/reports/2025/states/states/SOUTH_DAKOTA_2025.csv', '/opt/***/data/reports/2025/states/states/NEW_YORK_2025.csv', '/opt/***/data/reports/2025/states/states/KENTUCKY_2025.csv', '/opt/***/data/reports/2025/states/states/UTAH_2025.csv', '/opt/***/data/reports/2025/states/states/PENNSYLVANIA_2025.csv', '/opt/***/data/reports/2025/states/states/NEW_JERSEY_2025.csv', '/opt/***/data/reports/2025/states/states/TENNESSEE_2025.csv', '/opt/***/data/reports/2025/states/states/ARKANSAS_2025.csv', '/opt/***/data/reports/2025/states/states/DELAWARE_2025.csv', '/opt/***/data/reports/2025/states/states/VIRGINIA_2025.csv', '/opt/***/data/reports/2025/states/states/MISSISSIPPI_2025.csv', '/opt/***/data/reports/2025/states/states/MARYLAND_2025.csv', '/opt/***/data/reports/2025/states/states/GEORGIA_2025.csv', '/opt/***/data/reports/2025/states/states/MINNESOTA_2025.csv', '/opt/***/data/reports/2025/states/states/MICHIGAN_2025.csv', '/opt/***/data/reports/2025/states/states/LOUISIANA_2025.csv', '/opt/***/data/reports/2025/states/states/OREGON_2025.csv', '/opt/***/data/reports/2025/states/states/MISSOURI_2025.csv', '/opt/***/data/reports/2025/states/states/WISCONSIN_2025.csv', '/opt/***/data/reports/2025/states/states/IDAHO_2025.csv', '/opt/***/data/reports/2025/states/states/OHIO_2025.csv', '/opt/***/data/reports/2025/states/states/CALIFORNIA_2025.csv', '/opt/***/data/reports/2025/states/states/ILLINOIS_2025.csv', '/opt/***/data/reports/2025/states/states/INDIANA_2025.csv', '/opt/***/data/reports/2025/states/states/IOWA_2025.csv', '/opt/***/data/reports/2025/states/states/ARIZONA_2025.csv']}
[2025-10-18T04:30:34.042+0000] {taskinstance.py:1400} INFO - Marking task as SUCCESS. dag_id=agricultural_sri_annual_report, task_id=report_generation.generate_state_reports, execution_date=20251018T023124, start_date=20251018T043033, end_date=20251018T043034
[2025-10-18T04:30:34.082+0000] {local_task_job_runner.py:228} INFO - Task exited with return code 0
[2025-10-18T04:30:34.093+0000] {taskinstance.py:2778} INFO - 0 downstream tasks scheduled from follow-on schedule check
